<?xml version="1.0" encoding="UTF-8"?>
<robot generator="Robot 7.0 (Python 3.11.6 on darwin)" generated="2024-04-17T15:50:53.727025" rpa="false" schemaversion="5">
<suite id="s1" name="Ui Tests" source="/Users/gerardo.mitsuyfukazawa/CIS565/ui_tests">
<suite id="s1-s1" name="Auth" source="/Users/gerardo.mitsuyfukazawa/CIS565/ui_tests/auth.robot">
<test id="s1-s1-t1" name="should redirect unauthenticated user to signin page" line="19">
<kw name="POST" owner="RequestsLibrary" type="SETUP">
<msg time="2024-04-17T15:50:55.357585" level="INFO">POST Request : url=http://localhost:3001/testData/seed 
 path_url=/testData/seed 
 headers={'User-Agent': 'python-requests/2.22.0', 'Accept-Encoding': 'gzip, deflate', 'Accept': '*/*', 'Connection': 'keep-alive', 'Content-Length': '0'} 
 body=None 
 </msg>
<msg time="2024-04-17T15:50:55.357685" level="INFO">POST Response : url=http://localhost:3001/testData/seed 
 status=200, reason=OK 
 headers={'X-Powered-By': 'Express', 'Access-Control-Allow-Origin': 'http://localhost:3000', 'Vary': 'Origin', 'Access-Control-Allow-Credentials': 'true', 'Content-Type': 'text/plain; charset=utf-8', 'Content-Length': '2', 'ETag': 'W/"2-nOO9QiTIwXgNtWtBJezz8kv3SLc"', 'Date': 'Wed, 17 Apr 2024 22:50:55 GMT', 'Connection': 'keep-alive', 'Keep-Alive': 'timeout=5'} 
 body=OK 
 </msg>
<arg>${api}/testData/seed</arg>
<doc>Sends a POST request.</doc>
<status status="PASS" start="2024-04-17T15:50:55.332113" elapsed="0.025651"/>
</kw>
<kw name="New Page" owner="Browser">
<msg time="2024-04-17T15:50:56.510966" level="INFO">Successfully initialized new page object and opened url: http://localhost:3000/personal</msg>
<msg time="2024-04-17T15:50:56.511018" level="INFO">No browser and context was open. New browser and context was automatically opened when page is created.</msg>
<arg>${host}/personal</arg>
<tag>BrowserControl</tag>
<tag>Setter</tag>
<doc>Open a new Page.</doc>
<status status="PASS" start="2024-04-17T15:50:55.358002" elapsed="1.153082"/>
</kw>
<kw name="Get Url" owner="Browser">
<arg>equals</arg>
<arg>${host}/signin</arg>
<tag>Assertion</tag>
<tag>Getter</tag>
<tag>PageContent</tag>
<doc>Returns the current URL.</doc>
<status status="PASS" start="2024-04-17T15:50:56.511275" elapsed="0.015169"/>
</kw>
<status status="PASS" start="2024-04-17T15:50:55.329994" elapsed="1.196732"/>
</test>
<test id="s1-s1-t2" name="should redirect to the home page after login" line="27">
<kw name="POST" owner="RequestsLibrary" type="SETUP">
<msg time="2024-04-17T15:50:56.659943" level="INFO">POST Request : url=http://localhost:3001/testData/seed 
 path_url=/testData/seed 
 headers={'User-Agent': 'python-requests/2.22.0', 'Accept-Encoding': 'gzip, deflate', 'Accept': '*/*', 'Connection': 'keep-alive', 'Content-Length': '0'} 
 body=None 
 </msg>
<msg time="2024-04-17T15:50:56.660013" level="INFO">POST Response : url=http://localhost:3001/testData/seed 
 status=200, reason=OK 
 headers={'X-Powered-By': 'Express', 'Access-Control-Allow-Origin': 'http://localhost:3000', 'Vary': 'Origin', 'Access-Control-Allow-Credentials': 'true', 'Content-Type': 'text/plain; charset=utf-8', 'Content-Length': '2', 'ETag': 'W/"2-nOO9QiTIwXgNtWtBJezz8kv3SLc"', 'Date': 'Wed, 17 Apr 2024 22:50:56 GMT', 'Connection': 'keep-alive', 'Keep-Alive': 'timeout=5'} 
 body=OK 
 </msg>
<arg>${api}/testData/seed</arg>
<doc>Sends a POST request.</doc>
<status status="PASS" start="2024-04-17T15:50:56.650668" elapsed="0.009404"/>
</kw>
<kw name="New Page" owner="Browser">
<msg time="2024-04-17T15:50:57.093602" level="INFO">Successfully initialized new page object and opened url: http://localhost:3000/signin</msg>
<msg time="2024-04-17T15:50:57.093672" level="INFO">No context was open. New context was automatically opened when this page is created.</msg>
<arg>${host}/signin</arg>
<tag>BrowserControl</tag>
<tag>Setter</tag>
<doc>Open a new Page.</doc>
<status status="PASS" start="2024-04-17T15:50:56.660373" elapsed="0.433397"/>
</kw>
<kw name="Login user">
<kw name="Fill Text" owner="Browser">
<msg time="2024-04-17T15:50:57.094585" level="INFO">Fills the text 'Katharina_Bernier' in the given field.</msg>
<arg>id=username</arg>
<arg>${password}</arg>
<tag>PageContent</tag>
<tag>Setter</tag>
<doc>Clears and fills the given ``txt`` into the text field found by ``selector``.</doc>
<status status="PASS" start="2024-04-17T15:50:57.094360" elapsed="0.081872"/>
</kw>
<kw name="Fill Text" owner="Browser">
<msg time="2024-04-17T15:50:57.176683" level="INFO">Fills the text 's3cret' in the given field.</msg>
<arg>id=password</arg>
<arg>${username}</arg>
<tag>PageContent</tag>
<tag>Setter</tag>
<doc>Clears and fills the given ``txt`` into the text field found by ``selector``.</doc>
<status status="PASS" start="2024-04-17T15:50:57.176417" elapsed="0.052364"/>
</kw>
<kw name="Get Element" owner="Browser">
<msg time="2024-04-17T15:50:57.233928" level="INFO">Locator found successfully.</msg>
<msg time="2024-04-17T15:50:57.234040" level="INFO">${element} = xpath=//button/span[text()="Sign In"]</msg>
<var>${element}</var>
<arg>xpath=//button/span[text()="Sign In"]</arg>
<tag>Getter</tag>
<tag>PageContent</tag>
<doc>Returns a reference to a Playwright [https://playwright.dev/docs/api/class-locator|Locator].</doc>
<status status="PASS" start="2024-04-17T15:50:57.228930" elapsed="0.005125"/>
</kw>
<kw name="Click" owner="Browser">
<arg>${element}</arg>
<tag>PageContent</tag>
<tag>Setter</tag>
<doc>Simulates mouse click on the element found by ``selector``.</doc>
<status status="PASS" start="2024-04-17T15:50:57.234159" elapsed="0.080543"/>
</kw>
<arg>Katharina_Bernier</arg>
<arg>s3cret</arg>
<doc>This keyword Logins User</doc>
<status status="PASS" start="2024-04-17T15:50:57.094167" elapsed="0.220708"/>
</kw>
<kw name="Get Url" owner="Browser">
<arg>equals</arg>
<arg>${host}/</arg>
<tag>Assertion</tag>
<tag>Getter</tag>
<tag>PageContent</tag>
<doc>Returns the current URL.</doc>
<status status="PASS" start="2024-04-17T15:50:57.315156" elapsed="0.082577"/>
</kw>
<status status="PASS" start="2024-04-17T15:50:56.649155" elapsed="0.748784"/>
</test>
<test id="s1-s1-t3" name="should remember a user after login" line="37">
<kw name="POST" owner="RequestsLibrary" type="SETUP">
<msg time="2024-04-17T15:50:57.536094" level="INFO">POST Request : url=http://localhost:3001/testData/seed 
 path_url=/testData/seed 
 headers={'User-Agent': 'python-requests/2.22.0', 'Accept-Encoding': 'gzip, deflate', 'Accept': '*/*', 'Connection': 'keep-alive', 'Content-Length': '0'} 
 body=None 
 </msg>
<msg time="2024-04-17T15:50:57.536154" level="INFO">POST Response : url=http://localhost:3001/testData/seed 
 status=200, reason=OK 
 headers={'X-Powered-By': 'Express', 'Access-Control-Allow-Origin': 'http://localhost:3000', 'Vary': 'Origin', 'Access-Control-Allow-Credentials': 'true', 'Content-Type': 'text/plain; charset=utf-8', 'Content-Length': '2', 'ETag': 'W/"2-nOO9QiTIwXgNtWtBJezz8kv3SLc"', 'Date': 'Wed, 17 Apr 2024 22:50:57 GMT', 'Connection': 'keep-alive', 'Keep-Alive': 'timeout=5'} 
 body=OK 
 </msg>
<arg>${api}/testData/seed</arg>
<doc>Sends a POST request.</doc>
<status status="PASS" start="2024-04-17T15:50:57.523184" elapsed="0.013017"/>
</kw>
<kw name="New Page" owner="Browser">
<msg time="2024-04-17T15:50:57.990054" level="INFO">Successfully initialized new page object and opened url: http://localhost:3000/signin</msg>
<msg time="2024-04-17T15:50:57.990105" level="INFO">No context was open. New context was automatically opened when this page is created.</msg>
<arg>${host}/signin</arg>
<tag>BrowserControl</tag>
<tag>Setter</tag>
<doc>Open a new Page.</doc>
<status status="PASS" start="2024-04-17T15:50:57.536370" elapsed="0.453798"/>
</kw>
<kw name="Login user">
<kw name="Fill Text" owner="Browser">
<msg time="2024-04-17T15:50:57.990814" level="INFO">Fills the text 'Katharina_Bernier' in the given field.</msg>
<arg>id=username</arg>
<arg>${password}</arg>
<tag>PageContent</tag>
<tag>Setter</tag>
<doc>Clears and fills the given ``txt`` into the text field found by ``selector``.</doc>
<status status="PASS" start="2024-04-17T15:50:57.990594" elapsed="0.073987"/>
</kw>
<kw name="Fill Text" owner="Browser">
<msg time="2024-04-17T15:50:58.065348" level="INFO">Fills the text 's3cret' in the given field.</msg>
<arg>id=password</arg>
<arg>${username}</arg>
<tag>PageContent</tag>
<tag>Setter</tag>
<doc>Clears and fills the given ``txt`` into the text field found by ``selector``.</doc>
<status status="PASS" start="2024-04-17T15:50:58.064704" elapsed="0.047888"/>
</kw>
<kw name="Get Element" owner="Browser">
<msg time="2024-04-17T15:50:58.116866" level="INFO">Locator found successfully.</msg>
<msg time="2024-04-17T15:50:58.116979" level="INFO">${element} = xpath=//button/span[text()="Sign In"]</msg>
<var>${element}</var>
<arg>xpath=//button/span[text()="Sign In"]</arg>
<tag>Getter</tag>
<tag>PageContent</tag>
<doc>Returns a reference to a Playwright [https://playwright.dev/docs/api/class-locator|Locator].</doc>
<status status="PASS" start="2024-04-17T15:50:58.112719" elapsed="0.004272"/>
</kw>
<kw name="Click" owner="Browser">
<arg>${element}</arg>
<tag>PageContent</tag>
<tag>Setter</tag>
<doc>Simulates mouse click on the element found by ``selector``.</doc>
<status status="PASS" start="2024-04-17T15:50:58.117104" elapsed="0.071985"/>
</kw>
<arg>Katharina_Bernier</arg>
<arg>s3cret</arg>
<doc>This keyword Logins User</doc>
<status status="PASS" start="2024-04-17T15:50:57.990406" elapsed="0.198774"/>
</kw>
<kw name="Wait Until Network Is Idle" owner="Browser">
<msg time="2024-04-17T15:50:58.189359" level="WARN">Keyword 'Browser.Wait Until Network Is Idle' is deprecated. Use `Wait For Load State` instead.</msg>
<msg time="2024-04-17T15:50:58.189701" level="INFO">Waiting page load to state to receive networkidle in 3000.0</msg>
<msg time="2024-04-17T15:50:59.078112" level="INFO">Load state networkidle got in 3000</msg>
<arg>timeout=3s</arg>
<tag>HTTP</tag>
<tag>Wait</tag>
<doc>*DEPRECATED!!* Use `Wait For Load State` instead.</doc>
<status status="PASS" start="2024-04-17T15:50:58.189332" elapsed="0.888871"/>
</kw>
<kw name="Get Cookie" owner="Browser">
<msg time="2024-04-17T15:50:59.080788" level="INFO">${cookie} = {'name': 'connect.sid', 'value': 's%3AjPO0NFy9lQJ3i1R2W55H97UMKA86UaXL.e%2BhauWZ0Bd11abd4NPhSeOtI46Mb4nSYz5qKynwezvo', 'domain': 'localhost', 'path': '/', 'expires': datetime.datetime(1969, 12, 31, 23...</msg>
<var>${cookie}</var>
<arg>connect.sid</arg>
<tag>BrowserControl</tag>
<tag>Getter</tag>
<doc>Returns information of cookie with ``name`` as a Robot Framework dot dictionary or a string.</doc>
<status status="PASS" start="2024-04-17T15:50:59.078385" elapsed="0.002432"/>
</kw>
<kw name="Should Be Equal" owner="BuiltIn">
<arg>${cookie.expires.year}</arg>
<arg>${1969}</arg>
<doc>Fails if the given objects are unequal.</doc>
<status status="PASS" start="2024-04-17T15:50:59.080988" elapsed="0.000723"/>
</kw>
<kw name="Click" owner="Browser">
<arg>css=[data-test="sidenav-signout"]</arg>
<tag>PageContent</tag>
<tag>Setter</tag>
<doc>Simulates mouse click on the element found by ``selector``.</doc>
<status status="PASS" start="2024-04-17T15:50:59.081844" elapsed="0.027351"/>
</kw>
<kw name="Get Url" owner="Browser">
<arg>equals</arg>
<arg>${host}/signin</arg>
<tag>Assertion</tag>
<tag>Getter</tag>
<tag>PageContent</tag>
<doc>Returns the current URL.</doc>
<status status="PASS" start="2024-04-17T15:50:59.109389" elapsed="0.014837"/>
</kw>
<status status="PASS" start="2024-04-17T15:50:57.520518" elapsed="1.603925"/>
</test>
<test id="s1-s1-t4" name="should allow a visitor to sign-up, login, and logout" line="57">
<kw name="POST" owner="RequestsLibrary" type="SETUP">
<msg time="2024-04-17T15:50:59.156086" level="INFO">POST Request : url=http://localhost:3001/testData/seed 
 path_url=/testData/seed 
 headers={'User-Agent': 'python-requests/2.22.0', 'Accept-Encoding': 'gzip, deflate', 'Accept': '*/*', 'Connection': 'keep-alive', 'Content-Length': '0'} 
 body=None 
 </msg>
<msg time="2024-04-17T15:50:59.156151" level="INFO">POST Response : url=http://localhost:3001/testData/seed 
 status=200, reason=OK 
 headers={'X-Powered-By': 'Express', 'Access-Control-Allow-Origin': 'http://localhost:3000', 'Vary': 'Origin', 'Access-Control-Allow-Credentials': 'true', 'Content-Type': 'text/plain; charset=utf-8', 'Content-Length': '2', 'ETag': 'W/"2-nOO9QiTIwXgNtWtBJezz8kv3SLc"', 'Date': 'Wed, 17 Apr 2024 22:50:59 GMT', 'Connection': 'keep-alive', 'Keep-Alive': 'timeout=5'} 
 body=OK 
 </msg>
<arg>${api}/testData/seed</arg>
<doc>Sends a POST request.</doc>
<status status="PASS" start="2024-04-17T15:50:59.150536" elapsed="0.005663"/>
</kw>
<kw name="New Page" owner="Browser">
<msg time="2024-04-17T15:50:59.601859" level="INFO">Successfully initialized new page object and opened url: http://localhost:3000/</msg>
<msg time="2024-04-17T15:50:59.601905" level="INFO">No context was open. New context was automatically opened when this page is created.</msg>
<arg>${host}/</arg>
<tag>BrowserControl</tag>
<tag>Setter</tag>
<doc>Open a new Page.</doc>
<status status="PASS" start="2024-04-17T15:50:59.156393" elapsed="0.445573"/>
</kw>
<kw name="Click" owner="Browser">
<arg>xpath=//a[@href="/signup"]</arg>
<tag>PageContent</tag>
<tag>Setter</tag>
<doc>Simulates mouse click on the element found by ``selector``.</doc>
<status status="PASS" start="2024-04-17T15:50:59.602129" elapsed="0.168355"/>
</kw>
<kw name="Get Url" owner="Browser">
<msg time="2024-04-17T15:50:59.771546" level="INFO">${current_url} = http://localhost:3000/signin</msg>
<var>${current_url}</var>
<tag>Assertion</tag>
<tag>Getter</tag>
<tag>PageContent</tag>
<doc>Returns the current URL.</doc>
<status status="PASS" start="2024-04-17T15:50:59.770658" elapsed="0.000905"/>
</kw>
<kw name="Run Keyword If" owner="BuiltIn">
<kw name="Click" owner="Browser">
<arg>xpath=//a[@href="/signup"]</arg>
<tag>PageContent</tag>
<tag>Setter</tag>
<doc>Simulates mouse click on the element found by ``selector``.</doc>
<status status="PASS" start="2024-04-17T15:50:59.771840" elapsed="0.044177"/>
</kw>
<arg>"${current_url}" != "${host}/signup"</arg>
<arg>Click</arg>
<arg>xpath=//a[@href="/signup"]</arg>
<arg>ELSE</arg>
<arg>Log To Console</arg>
<arg>Current URL is ${host}/signup. No action needed.</arg>
<doc>Runs the given keyword with the given arguments, if ``condition`` is true.</doc>
<status status="PASS" start="2024-04-17T15:50:59.771689" elapsed="0.044437"/>
</kw>
<kw name="Get Text" owner="Browser">
<msg time="2024-04-17T15:50:59.847305" level="INFO">Text: 'Sign Up'</msg>
<arg>css=[data-test="signup-title"]</arg>
<arg>contains</arg>
<arg>Sign Up</arg>
<tag>Assertion</tag>
<tag>Getter</tag>
<tag>PageContent</tag>
<doc>Returns text attribute of the element found by ``selector``.</doc>
<status status="PASS" start="2024-04-17T15:50:59.816366" elapsed="0.031021"/>
</kw>
<kw name="Fill Text" owner="Browser">
<msg time="2024-04-17T15:50:59.848287" level="INFO">Fills the text 'Bob' in the given field.</msg>
<arg>css=#firstName</arg>
<arg>${userInfo}[firstName]</arg>
<tag>PageContent</tag>
<tag>Setter</tag>
<doc>Clears and fills the given ``txt`` into the text field found by ``selector``.</doc>
<status status="PASS" start="2024-04-17T15:50:59.847586" elapsed="0.053452"/>
</kw>
<kw name="Fill Text" owner="Browser">
<msg time="2024-04-17T15:50:59.903580" level="INFO">Fills the text 'Ross' in the given field.</msg>
<arg>css=#lastName</arg>
<arg>${userInfo}[lastName]</arg>
<tag>PageContent</tag>
<tag>Setter</tag>
<doc>Clears and fills the given ``txt`` into the text field found by ``selector``.</doc>
<status status="PASS" start="2024-04-17T15:50:59.901633" elapsed="0.078122"/>
</kw>
<kw name="Fill Text" owner="Browser">
<msg time="2024-04-17T15:50:59.980302" level="INFO">Fills the text 'PainterJoy90' in the given field.</msg>
<arg>css=#username</arg>
<arg>${userInfo}[username]</arg>
<tag>PageContent</tag>
<tag>Setter</tag>
<doc>Clears and fills the given ``txt`` into the text field found by ``selector``.</doc>
<status status="PASS" start="2024-04-17T15:50:59.979964" elapsed="0.037562"/>
</kw>
<kw name="Fill Text" owner="Browser">
<msg time="2024-04-17T15:51:00.018186" level="INFO">Fills the text 's3cret' in the given field.</msg>
<arg>css=#password</arg>
<arg>${userInfo}[password]</arg>
<tag>PageContent</tag>
<tag>Setter</tag>
<doc>Clears and fills the given ``txt`` into the text field found by ``selector``.</doc>
<status status="PASS" start="2024-04-17T15:51:00.017840" elapsed="0.062335"/>
</kw>
<kw name="Fill Text" owner="Browser">
<msg time="2024-04-17T15:51:00.081233" level="INFO">Fills the text 's3cret' in the given field.</msg>
<arg>css=#confirmPassword</arg>
<arg>${userInfo}[password]</arg>
<tag>PageContent</tag>
<tag>Setter</tag>
<doc>Clears and fills the given ``txt`` into the text field found by ``selector``.</doc>
<status status="PASS" start="2024-04-17T15:51:00.080452" elapsed="0.032337"/>
</kw>
<kw name="Promise To" owner="Browser">
<msg time="2024-04-17T15:51:00.114221" level="INFO">${promise} = &lt;Future at 0x1041168d0 state=running&gt;</msg>
<var>${promise}</var>
<arg>Wait For Response</arg>
<arg>matcher=${api}/users</arg>
<arg>timeout=10s</arg>
<tag>Wait</tag>
<doc>Wrap a Browser library keyword and make it a promise.</doc>
<status status="PASS" start="2024-04-17T15:51:00.112990" elapsed="0.001253"/>
</kw>
<kw name="Click" owner="Browser">
<arg>css=[data-test="signup-submit"]</arg>
<tag>PageContent</tag>
<tag>Setter</tag>
<doc>Simulates mouse click on the element found by ``selector``.</doc>
<status status="PASS" start="2024-04-17T15:51:00.114775" elapsed="0.063668"/>
</kw>
<kw name="Wait For" owner="Browser">
<arg>${promise}</arg>
<tag>Wait</tag>
<doc>Waits for promises to finish and returns results from them.</doc>
<status status="PASS" start="2024-04-17T15:51:00.178677" elapsed="0.101694"/>
</kw>
<kw name="Log To Console" owner="BuiltIn">
<arg>${promise.result().status}</arg>
<doc>Logs the given message to the console.</doc>
<status status="PASS" start="2024-04-17T15:51:00.280673" elapsed="0.000595"/>
</kw>
<kw name="Log To Console" owner="BuiltIn">
<arg>${promise.result().request.postData}</arg>
<doc>Logs the given message to the console.</doc>
<status status="PASS" start="2024-04-17T15:51:00.281365" elapsed="0.000318"/>
</kw>
<kw name="Log To Console" owner="BuiltIn">
<arg>${promise.result().body}</arg>
<doc>Logs the given message to the console.</doc>
<status status="PASS" start="2024-04-17T15:51:00.281768" elapsed="0.000203"/>
</kw>
<kw name="Login user">
<kw name="Fill Text" owner="Browser">
<msg time="2024-04-17T15:51:00.282680" level="INFO">Fills the text 'PainterJoy90' in the given field.</msg>
<arg>id=username</arg>
<arg>${password}</arg>
<tag>PageContent</tag>
<tag>Setter</tag>
<doc>Clears and fills the given ``txt`` into the text field found by ``selector``.</doc>
<status status="PASS" start="2024-04-17T15:51:00.282357" elapsed="0.010169"/>
</kw>
<kw name="Fill Text" owner="Browser">
<msg time="2024-04-17T15:51:00.293065" level="INFO">Fills the text 's3cret' in the given field.</msg>
<arg>id=password</arg>
<arg>${username}</arg>
<tag>PageContent</tag>
<tag>Setter</tag>
<doc>Clears and fills the given ``txt`` into the text field found by ``selector``.</doc>
<status status="PASS" start="2024-04-17T15:51:00.292700" elapsed="0.019384"/>
</kw>
<kw name="Get Element" owner="Browser">
<msg time="2024-04-17T15:51:00.314855" level="INFO">Locator found successfully.</msg>
<msg time="2024-04-17T15:51:00.315156" level="INFO">${element} = xpath=//button/span[text()="Sign In"]</msg>
<var>${element}</var>
<arg>xpath=//button/span[text()="Sign In"]</arg>
<tag>Getter</tag>
<tag>PageContent</tag>
<doc>Returns a reference to a Playwright [https://playwright.dev/docs/api/class-locator|Locator].</doc>
<status status="PASS" start="2024-04-17T15:51:00.312208" elapsed="0.002970"/>
</kw>
<kw name="Click" owner="Browser">
<arg>${element}</arg>
<tag>PageContent</tag>
<tag>Setter</tag>
<doc>Simulates mouse click on the element found by ``selector``.</doc>
<status status="PASS" start="2024-04-17T15:51:00.315317" elapsed="0.050300"/>
</kw>
<arg>${userInfo}[username]</arg>
<arg>${userInfo}[password]</arg>
<doc>This keyword Logins User</doc>
<status status="PASS" start="2024-04-17T15:51:00.282150" elapsed="0.083607"/>
</kw>
<kw name="Wait For Elements State" owner="Browser">
<msg time="2024-04-17T15:51:00.654299" level="INFO">Waited for Element with selector css=[data-test="user-onboarding-dialog"] at state visible</msg>
<arg>css=[data-test="user-onboarding-dialog"]</arg>
<arg>visible</arg>
<arg>timeout=5 s</arg>
<tag>PageContent</tag>
<tag>Wait</tag>
<doc>Waits for the element found by ``selector`` to satisfy state option.</doc>
<status status="PASS" start="2024-04-17T15:51:00.365954" elapsed="0.288440"/>
</kw>
<kw name="Wait For Elements State" owner="Browser">
<msg time="2024-04-17T15:51:00.659768" level="INFO">Waited for Element with selector css=[data-test="list-skeleton"] at state detached</msg>
<arg>css=[data-test="list-skeleton"]</arg>
<arg>detached</arg>
<arg>timeout=5 s</arg>
<tag>PageContent</tag>
<tag>Wait</tag>
<doc>Waits for the element found by ``selector`` to satisfy state option.</doc>
<status status="PASS" start="2024-04-17T15:51:00.654581" elapsed="0.005294"/>
</kw>
<kw name="Wait For Elements State" owner="Browser">
<msg time="2024-04-17T15:51:00.664512" level="INFO">Waited for Element with selector css=[data-test="nav-top-notifications-count"] at state attached</msg>
<arg>css=[data-test="nav-top-notifications-count"]</arg>
<arg>attached</arg>
<arg>timeout=5 s</arg>
<tag>PageContent</tag>
<tag>Wait</tag>
<doc>Waits for the element found by ``selector`` to satisfy state option.</doc>
<status status="PASS" start="2024-04-17T15:51:00.660475" elapsed="0.004142"/>
</kw>
<kw name="Click" owner="Browser">
<arg>css=[data-test="user-onboarding-next"]</arg>
<tag>PageContent</tag>
<tag>Setter</tag>
<doc>Simulates mouse click on the element found by ``selector``.</doc>
<status status="PASS" start="2024-04-17T15:51:00.664869" elapsed="0.048226"/>
</kw>
<kw name="Get Text" owner="Browser">
<msg time="2024-04-17T15:51:00.720922" level="INFO">Text: 'Create Bank Account'</msg>
<arg>css=[data-test="user-onboarding-dialog-title"]</arg>
<arg>contains</arg>
<arg>Create Bank Account</arg>
<tag>Assertion</tag>
<tag>Getter</tag>
<tag>PageContent</tag>
<doc>Returns text attribute of the element found by ``selector``.</doc>
<status status="PASS" start="2024-04-17T15:51:00.713275" elapsed="0.007717"/>
</kw>
<kw name="Fill Text" owner="Browser">
<msg time="2024-04-17T15:51:00.721510" level="INFO">Fills the text 'The Best Bank' in the given field.</msg>
<arg>css=#bankaccount-bankName-input</arg>
<arg>The Best Bank</arg>
<tag>PageContent</tag>
<tag>Setter</tag>
<doc>Clears and fills the given ``txt`` into the text field found by ``selector``.</doc>
<status status="PASS" start="2024-04-17T15:51:00.721181" elapsed="0.010915"/>
</kw>
<kw name="Fill Text" owner="Browser">
<msg time="2024-04-17T15:51:00.732489" level="INFO">Fills the text '123456789' in the given field.</msg>
<arg>css=#bankaccount-routingNumber-input</arg>
<arg>123456789</arg>
<tag>PageContent</tag>
<tag>Setter</tag>
<doc>Clears and fills the given ``txt`` into the text field found by ``selector``.</doc>
<status status="PASS" start="2024-04-17T15:51:00.732266" elapsed="0.022466"/>
</kw>
<kw name="Fill Text" owner="Browser">
<msg time="2024-04-17T15:51:00.755208" level="INFO">Fills the text '987654321' in the given field.</msg>
<arg>css=#bankaccount-accountNumber-input</arg>
<arg>987654321</arg>
<tag>PageContent</tag>
<tag>Setter</tag>
<doc>Clears and fills the given ``txt`` into the text field found by ``selector``.</doc>
<status status="PASS" start="2024-04-17T15:51:00.754959" elapsed="0.017823"/>
</kw>
<kw name="Promise To" owner="Browser">
<msg time="2024-04-17T15:51:00.786571" level="INFO">${promise} = &lt;Future at 0x1041a0e90 state=running&gt;</msg>
<var>${promise}</var>
<arg>Wait For Response</arg>
<arg>matcher=${api}/graphql</arg>
<arg>timeout=10s</arg>
<tag>Wait</tag>
<doc>Wrap a Browser library keyword and make it a promise.</doc>
<status status="PASS" start="2024-04-17T15:51:00.772970" elapsed="0.013630"/>
</kw>
<kw name="Click" owner="Browser">
<arg>css=[data-test="bankaccount-submit"]</arg>
<tag>PageContent</tag>
<tag>Setter</tag>
<doc>Simulates mouse click on the element found by ``selector``.</doc>
<status status="PASS" start="2024-04-17T15:51:00.786797" elapsed="0.068851"/>
</kw>
<kw name="Wait For" owner="Browser">
<arg>${promise}</arg>
<tag>Wait</tag>
<doc>Waits for promises to finish and returns results from them.</doc>
<status status="PASS" start="2024-04-17T15:51:00.856121" elapsed="0.018214"/>
</kw>
<kw name="Log To Console" owner="BuiltIn">
<arg>${promise.result().status}</arg>
<doc>Logs the given message to the console.</doc>
<status status="PASS" start="2024-04-17T15:51:00.874521" elapsed="0.000321"/>
</kw>
<kw name="Log To Console" owner="BuiltIn">
<arg>${promise.result().request.postData}</arg>
<doc>Logs the given message to the console.</doc>
<status status="PASS" start="2024-04-17T15:51:00.874918" elapsed="0.000214"/>
</kw>
<kw name="Log To Console" owner="BuiltIn">
<arg>${promise.result().body}</arg>
<doc>Logs the given message to the console.</doc>
<status status="PASS" start="2024-04-17T15:51:00.875219" elapsed="0.000209"/>
</kw>
<kw name="Get Text" owner="Browser">
<msg time="2024-04-17T15:51:00.890541" level="INFO">Text: 'Finished'</msg>
<arg>css=[data-test="user-onboarding-dialog-title"]</arg>
<arg>contains</arg>
<arg>Finished</arg>
<tag>Assertion</tag>
<tag>Getter</tag>
<tag>PageContent</tag>
<doc>Returns text attribute of the element found by ``selector``.</doc>
<status status="PASS" start="2024-04-17T15:51:00.875497" elapsed="0.015115"/>
</kw>
<kw name="Get Text" owner="Browser">
<msg time="2024-04-17T15:51:00.900649" level="INFO">Text: "\n\n\nYou're all set!\n\nWe're excited to have you aboard the Real World App!"</msg>
<arg>css=[data-test="user-onboarding-dialog-content"]</arg>
<arg>contains</arg>
<arg>You're all set!</arg>
<tag>Assertion</tag>
<tag>Getter</tag>
<tag>PageContent</tag>
<doc>Returns text attribute of the element found by ``selector``.</doc>
<status status="PASS" start="2024-04-17T15:51:00.890857" elapsed="0.009854"/>
</kw>
<kw name="Click" owner="Browser">
<arg>css=[data-test="user-onboarding-next"]</arg>
<tag>PageContent</tag>
<tag>Setter</tag>
<doc>Simulates mouse click on the element found by ``selector``.</doc>
<status status="PASS" start="2024-04-17T15:51:00.900868" elapsed="0.027306"/>
</kw>
<kw name="Wait For Elements State" owner="Browser">
<msg time="2024-04-17T15:51:00.932033" level="INFO">Waited for Element with selector css=[data-test="transaction-list"] at state visible</msg>
<arg>css=[data-test="transaction-list"]</arg>
<arg>visible</arg>
<arg>timeout=5 s</arg>
<tag>PageContent</tag>
<tag>Wait</tag>
<doc>Waits for the element found by ``selector`` to satisfy state option.</doc>
<status status="PASS" start="2024-04-17T15:51:00.928502" elapsed="0.003615"/>
</kw>
<kw name="Click" owner="Browser">
<arg>css=[data-test="sidenav-signout"]</arg>
<tag>PageContent</tag>
<tag>Setter</tag>
<doc>Simulates mouse click on the element found by ``selector``.</doc>
<status status="PASS" start="2024-04-17T15:51:00.932302" elapsed="0.259856"/>
</kw>
<kw name="Get Url" owner="Browser">
<arg>equals</arg>
<arg>${host}/signin</arg>
<tag>Assertion</tag>
<tag>Getter</tag>
<tag>PageContent</tag>
<doc>Returns the current URL.</doc>
<status status="PASS" start="2024-04-17T15:51:01.192344" elapsed="0.013430"/>
</kw>
<status status="PASS" start="2024-04-17T15:50:59.148928" elapsed="2.057074"/>
</test>
<test id="s1-s1-t5" name="should display login errors" line="130">
<kw name="POST" owner="RequestsLibrary" type="SETUP">
<msg time="2024-04-17T15:51:01.235843" level="INFO">POST Request : url=http://localhost:3001/testData/seed 
 path_url=/testData/seed 
 headers={'User-Agent': 'python-requests/2.22.0', 'Accept-Encoding': 'gzip, deflate', 'Accept': '*/*', 'Connection': 'keep-alive', 'Content-Length': '0'} 
 body=None 
 </msg>
<msg time="2024-04-17T15:51:01.235908" level="INFO">POST Response : url=http://localhost:3001/testData/seed 
 status=200, reason=OK 
 headers={'X-Powered-By': 'Express', 'Access-Control-Allow-Origin': 'http://localhost:3000', 'Vary': 'Origin', 'Access-Control-Allow-Credentials': 'true', 'Content-Type': 'text/plain; charset=utf-8', 'Content-Length': '2', 'ETag': 'W/"2-nOO9QiTIwXgNtWtBJezz8kv3SLc"', 'Date': 'Wed, 17 Apr 2024 22:51:01 GMT', 'Connection': 'keep-alive', 'Keep-Alive': 'timeout=5'} 
 body=OK 
 </msg>
<arg>${api}/testData/seed</arg>
<doc>Sends a POST request.</doc>
<status status="PASS" start="2024-04-17T15:51:01.229902" elapsed="0.006056"/>
</kw>
<kw name="New Page" owner="Browser">
<msg time="2024-04-17T15:51:01.801377" level="INFO">Successfully initialized new page object and opened url: http://localhost:3000/</msg>
<msg time="2024-04-17T15:51:01.801520" level="INFO">No context was open. New context was automatically opened when this page is created.</msg>
<arg>${host}/</arg>
<tag>BrowserControl</tag>
<tag>Setter</tag>
<doc>Open a new Page.</doc>
<status status="PASS" start="2024-04-17T15:51:01.236151" elapsed="0.565536"/>
</kw>
<kw name="Fill Text" owner="Browser">
<msg time="2024-04-17T15:51:01.802396" level="INFO">Fills the text 'User' in the given field.</msg>
<arg>id=username</arg>
<arg>User</arg>
<tag>PageContent</tag>
<tag>Setter</tag>
<doc>Clears and fills the given ``txt`` into the text field found by ``selector``.</doc>
<status status="PASS" start="2024-04-17T15:51:01.802041" elapsed="0.125555"/>
</kw>
<kw name="Clear Text" owner="Browser">
<arg>id=username</arg>
<tag>PageContent</tag>
<tag>Setter</tag>
<doc>Clears the text field found by ``selector``.</doc>
<status status="PASS" start="2024-04-17T15:51:01.927800" elapsed="0.019007"/>
</kw>
<kw name="Focus" owner="Browser">
<arg>id=password</arg>
<tag>PageContent</tag>
<tag>Setter</tag>
<doc>Moves focus on to the element found by ``selector``.</doc>
<status status="PASS" start="2024-04-17T15:51:01.947066" elapsed="0.053201"/>
</kw>
<kw name="Wait For Elements State" owner="Browser">
<msg time="2024-04-17T15:51:02.022028" level="INFO">Waited for Element with selector css=#username-helper-text at state visible</msg>
<arg>css=#username-helper-text</arg>
<arg>visible</arg>
<arg>timeout=5 s</arg>
<tag>PageContent</tag>
<tag>Wait</tag>
<doc>Waits for the element found by ``selector`` to satisfy state option.</doc>
<status status="PASS" start="2024-04-17T15:51:02.000731" elapsed="0.021400"/>
</kw>
<kw name="Get Text" owner="Browser">
<msg time="2024-04-17T15:51:02.039196" level="INFO">Text: 'Username is required'</msg>
<arg>css=#username-helper-text</arg>
<arg>contains</arg>
<arg>Username is required</arg>
<tag>Assertion</tag>
<tag>Getter</tag>
<tag>PageContent</tag>
<doc>Returns text attribute of the element found by ``selector``.</doc>
<status status="PASS" start="2024-04-17T15:51:02.022311" elapsed="0.016975"/>
</kw>
<kw name="Fill Text" owner="Browser">
<msg time="2024-04-17T15:51:02.039694" level="INFO">Fills the text 'abc' in the given field.</msg>
<arg>id=password</arg>
<arg>abc</arg>
<tag>PageContent</tag>
<tag>Setter</tag>
<doc>Clears and fills the given ``txt`` into the text field found by ``selector``.</doc>
<status status="PASS" start="2024-04-17T15:51:02.039450" elapsed="0.012330"/>
</kw>
<kw name="Focus" owner="Browser">
<arg>id=username</arg>
<tag>PageContent</tag>
<tag>Setter</tag>
<doc>Moves focus on to the element found by ``selector``.</doc>
<status status="PASS" start="2024-04-17T15:51:02.052062" elapsed="0.009761"/>
</kw>
<kw name="Wait For Elements State" owner="Browser">
<msg time="2024-04-17T15:51:02.071182" level="INFO">Waited for Element with selector css=#password-helper-text at state visible</msg>
<arg>css=#password-helper-text</arg>
<arg>visible</arg>
<arg>timeout=5 s</arg>
<tag>PageContent</tag>
<tag>Wait</tag>
<doc>Waits for the element found by ``selector`` to satisfy state option.</doc>
<status status="PASS" start="2024-04-17T15:51:02.062066" elapsed="0.009213"/>
</kw>
<kw name="Get Text" owner="Browser">
<msg time="2024-04-17T15:51:02.083134" level="INFO">Text: 'Password must contain at least 4 characters'</msg>
<arg>css=#password-helper-text</arg>
<arg>contains</arg>
<arg>Password must contain at least 4 characters</arg>
<tag>Assertion</tag>
<tag>Getter</tag>
<tag>PageContent</tag>
<doc>Returns text attribute of the element found by ``selector``.</doc>
<status status="PASS" start="2024-04-17T15:51:02.071467" elapsed="0.011772"/>
</kw>
<kw name="Wait For Elements State" owner="Browser">
<msg time="2024-04-17T15:51:02.095820" level="INFO">Waited for Element with selector css=[data-test="signin-submit"] at state disabled</msg>
<arg>css=[data-test="signin-submit"]</arg>
<arg>disabled</arg>
<arg>timeout=5 s</arg>
<tag>PageContent</tag>
<tag>Wait</tag>
<doc>Waits for the element found by ``selector`` to satisfy state option.</doc>
<status status="PASS" start="2024-04-17T15:51:02.083484" elapsed="0.012424"/>
</kw>
<status status="PASS" start="2024-04-17T15:51:01.226733" elapsed="0.869346"/>
</test>
<test id="s1-s1-t6" name="should display signup errors" line="146">
<kw name="POST" owner="RequestsLibrary" type="SETUP">
<msg time="2024-04-17T15:51:02.138234" level="INFO">POST Request : url=http://localhost:3001/testData/seed 
 path_url=/testData/seed 
 headers={'User-Agent': 'python-requests/2.22.0', 'Accept-Encoding': 'gzip, deflate', 'Accept': '*/*', 'Connection': 'keep-alive', 'Content-Length': '0'} 
 body=None 
 </msg>
<msg time="2024-04-17T15:51:02.138437" level="INFO">POST Response : url=http://localhost:3001/testData/seed 
 status=200, reason=OK 
 headers={'X-Powered-By': 'Express', 'Access-Control-Allow-Origin': 'http://localhost:3000', 'Vary': 'Origin', 'Access-Control-Allow-Credentials': 'true', 'Content-Type': 'text/plain; charset=utf-8', 'Content-Length': '2', 'ETag': 'W/"2-nOO9QiTIwXgNtWtBJezz8kv3SLc"', 'Date': 'Wed, 17 Apr 2024 22:51:02 GMT', 'Connection': 'keep-alive', 'Keep-Alive': 'timeout=5'} 
 body=OK 
 </msg>
<arg>${api}/testData/seed</arg>
<doc>Sends a POST request.</doc>
<status status="PASS" start="2024-04-17T15:51:02.128168" elapsed="0.010457"/>
</kw>
<kw name="New Page" owner="Browser">
<msg time="2024-04-17T15:51:02.593927" level="INFO">Successfully initialized new page object and opened url: http://localhost:3000/signup</msg>
<msg time="2024-04-17T15:51:02.593976" level="INFO">No context was open. New context was automatically opened when this page is created.</msg>
<arg>${host}/signup</arg>
<tag>BrowserControl</tag>
<tag>Setter</tag>
<doc>Open a new Page.</doc>
<status status="PASS" start="2024-04-17T15:51:02.138823" elapsed="0.455221"/>
</kw>
<kw name="Fill Text" owner="Browser">
<msg time="2024-04-17T15:51:02.594742" level="INFO">Fills the text 'User' in the given field.</msg>
<arg>css=#firstName</arg>
<arg>User</arg>
<tag>PageContent</tag>
<tag>Setter</tag>
<doc>Clears and fills the given ``txt`` into the text field found by ``selector``.</doc>
<status status="PASS" start="2024-04-17T15:51:02.594231" elapsed="0.094722"/>
</kw>
<kw name="Clear Text" owner="Browser">
<arg>css=#firstName</arg>
<tag>PageContent</tag>
<tag>Setter</tag>
<doc>Clears the text field found by ``selector``.</doc>
<status status="PASS" start="2024-04-17T15:51:02.689133" elapsed="0.013643"/>
</kw>
<kw name="Focus" owner="Browser">
<arg>css=#lastName</arg>
<tag>PageContent</tag>
<tag>Setter</tag>
<doc>Moves focus on to the element found by ``selector``.</doc>
<status status="PASS" start="2024-04-17T15:51:02.702943" elapsed="0.006774"/>
</kw>
<kw name="Wait For Elements State" owner="Browser">
<msg time="2024-04-17T15:51:02.713568" level="INFO">Waited for Element with selector css=#firstName-helper-text at state visible</msg>
<arg>css=#firstName-helper-text</arg>
<arg>visible</arg>
<arg>timeout=5 s</arg>
<tag>PageContent</tag>
<tag>Wait</tag>
<doc>Waits for the element found by ``selector`` to satisfy state option.</doc>
<status status="PASS" start="2024-04-17T15:51:02.709944" elapsed="0.003760"/>
</kw>
<kw name="Get Text" owner="Browser">
<msg time="2024-04-17T15:51:02.726463" level="INFO">Text: 'First Name is required'</msg>
<arg>css=#firstName-helper-text</arg>
<arg>contains</arg>
<arg>First Name is required</arg>
<tag>Assertion</tag>
<tag>Getter</tag>
<tag>PageContent</tag>
<doc>Returns text attribute of the element found by ``selector``.</doc>
<status status="PASS" start="2024-04-17T15:51:02.713921" elapsed="0.012603"/>
</kw>
<kw name="Fill Text" owner="Browser">
<msg time="2024-04-17T15:51:02.726935" level="INFO">Fills the text 'Last' in the given field.</msg>
<arg>css=#lastName</arg>
<arg>Last</arg>
<tag>PageContent</tag>
<tag>Setter</tag>
<doc>Clears and fills the given ``txt`` into the text field found by ``selector``.</doc>
<status status="PASS" start="2024-04-17T15:51:02.726686" elapsed="0.011141"/>
</kw>
<kw name="Clear Text" owner="Browser">
<arg>css=#lastName</arg>
<tag>PageContent</tag>
<tag>Setter</tag>
<doc>Clears the text field found by ``selector``.</doc>
<status status="PASS" start="2024-04-17T15:51:02.738014" elapsed="0.010882"/>
</kw>
<kw name="Focus" owner="Browser">
<arg>css=#username</arg>
<tag>PageContent</tag>
<tag>Setter</tag>
<doc>Moves focus on to the element found by ``selector``.</doc>
<status status="PASS" start="2024-04-17T15:51:02.749163" elapsed="0.008952"/>
</kw>
<kw name="Wait For Elements State" owner="Browser">
<msg time="2024-04-17T15:51:02.762204" level="INFO">Waited for Element with selector css=#lastName-helper-text at state visible</msg>
<arg>css=#lastName-helper-text</arg>
<arg>visible</arg>
<arg>timeout=5 s</arg>
<tag>PageContent</tag>
<tag>Wait</tag>
<doc>Waits for the element found by ``selector`` to satisfy state option.</doc>
<status status="PASS" start="2024-04-17T15:51:02.758305" elapsed="0.003979"/>
</kw>
<kw name="Get Text" owner="Browser">
<msg time="2024-04-17T15:51:02.769464" level="INFO">Text: 'Last Name is required'</msg>
<arg>css=#lastName-helper-text</arg>
<arg>contains</arg>
<arg>Last Name is required</arg>
<tag>Assertion</tag>
<tag>Getter</tag>
<tag>PageContent</tag>
<doc>Returns text attribute of the element found by ``selector``.</doc>
<status status="PASS" start="2024-04-17T15:51:02.762457" elapsed="0.007071"/>
</kw>
<kw name="Fill Text" owner="Browser">
<msg time="2024-04-17T15:51:02.769938" level="INFO">Fills the text 'Last' in the given field.</msg>
<arg>css=#username</arg>
<arg>Last</arg>
<tag>PageContent</tag>
<tag>Setter</tag>
<doc>Clears and fills the given ``txt`` into the text field found by ``selector``.</doc>
<status status="PASS" start="2024-04-17T15:51:02.769707" elapsed="0.011945"/>
</kw>
<kw name="Clear Text" owner="Browser">
<arg>css=#username</arg>
<tag>PageContent</tag>
<tag>Setter</tag>
<doc>Clears the text field found by ``selector``.</doc>
<status status="PASS" start="2024-04-17T15:51:02.782040" elapsed="0.033601"/>
</kw>
<kw name="Focus" owner="Browser">
<arg>css=#password</arg>
<tag>PageContent</tag>
<tag>Setter</tag>
<doc>Moves focus on to the element found by ``selector``.</doc>
<status status="PASS" start="2024-04-17T15:51:02.815850" elapsed="0.042100"/>
</kw>
<kw name="Wait For Elements State" owner="Browser">
<msg time="2024-04-17T15:51:02.864656" level="INFO">Waited for Element with selector css=#username-helper-text at state visible</msg>
<arg>css=#username-helper-text</arg>
<arg>visible</arg>
<arg>timeout=5 s</arg>
<tag>PageContent</tag>
<tag>Wait</tag>
<doc>Waits for the element found by ``selector`` to satisfy state option.</doc>
<status status="PASS" start="2024-04-17T15:51:02.858176" elapsed="0.006595"/>
</kw>
<kw name="Get Text" owner="Browser">
<msg time="2024-04-17T15:51:02.871104" level="INFO">Text: 'Username is required'</msg>
<arg>css=#username-helper-text</arg>
<arg>contains</arg>
<arg>Username is required</arg>
<tag>Assertion</tag>
<tag>Getter</tag>
<tag>PageContent</tag>
<doc>Returns text attribute of the element found by ``selector``.</doc>
<status status="PASS" start="2024-04-17T15:51:02.864943" elapsed="0.006217"/>
</kw>
<kw name="Fill Text" owner="Browser">
<msg time="2024-04-17T15:51:02.871543" level="INFO">Fills the text 'password' in the given field.</msg>
<arg>css=#password</arg>
<arg>password</arg>
<tag>PageContent</tag>
<tag>Setter</tag>
<doc>Clears and fills the given ``txt`` into the text field found by ``selector``.</doc>
<status status="PASS" start="2024-04-17T15:51:02.871329" elapsed="0.009315"/>
</kw>
<kw name="Clear Text" owner="Browser">
<arg>css=#password</arg>
<tag>PageContent</tag>
<tag>Setter</tag>
<doc>Clears the text field found by ``selector``.</doc>
<status status="PASS" start="2024-04-17T15:51:02.880837" elapsed="0.012667"/>
</kw>
<kw name="Focus" owner="Browser">
<arg>css=#confirmPassword</arg>
<tag>PageContent</tag>
<tag>Setter</tag>
<doc>Moves focus on to the element found by ``selector``.</doc>
<status status="PASS" start="2024-04-17T15:51:02.893903" elapsed="0.007199"/>
</kw>
<kw name="Wait For Elements State" owner="Browser">
<msg time="2024-04-17T15:51:02.905056" level="INFO">Waited for Element with selector css=#password-helper-text at state visible</msg>
<arg>css=#password-helper-text</arg>
<arg>visible</arg>
<arg>timeout=5 s</arg>
<tag>PageContent</tag>
<tag>Wait</tag>
<doc>Waits for the element found by ``selector`` to satisfy state option.</doc>
<status status="PASS" start="2024-04-17T15:51:02.901324" elapsed="0.003819"/>
</kw>
<kw name="Get Text" owner="Browser">
<msg time="2024-04-17T15:51:02.911486" level="INFO">Text: 'Enter your password'</msg>
<arg>css=#password-helper-text</arg>
<arg>contains</arg>
<arg>Enter your password</arg>
<tag>Assertion</tag>
<tag>Getter</tag>
<tag>PageContent</tag>
<doc>Returns text attribute of the element found by ``selector``.</doc>
<status status="PASS" start="2024-04-17T15:51:02.905299" elapsed="0.006273"/>
</kw>
<kw name="Fill Text" owner="Browser">
<msg time="2024-04-17T15:51:02.911943" level="INFO">Fills the text 'DIFFERENT PASSWORD' in the given field.</msg>
<arg>css=#confirmPassword</arg>
<arg>DIFFERENT PASSWORD</arg>
<tag>PageContent</tag>
<tag>Setter</tag>
<doc>Clears and fills the given ``txt`` into the text field found by ``selector``.</doc>
<status status="PASS" start="2024-04-17T15:51:02.911728" elapsed="0.011386"/>
</kw>
<kw name="Focus" owner="Browser">
<arg>css=#password</arg>
<tag>PageContent</tag>
<tag>Setter</tag>
<doc>Moves focus on to the element found by ``selector``.</doc>
<status status="PASS" start="2024-04-17T15:51:02.923289" elapsed="0.006931"/>
</kw>
<kw name="Wait For Elements State" owner="Browser">
<msg time="2024-04-17T15:51:02.933625" level="INFO">Waited for Element with selector css=#confirmPassword-helper-text at state visible</msg>
<arg>css=#confirmPassword-helper-text</arg>
<arg>visible</arg>
<arg>timeout=5 s</arg>
<tag>PageContent</tag>
<tag>Wait</tag>
<doc>Waits for the element found by ``selector`` to satisfy state option.</doc>
<status status="PASS" start="2024-04-17T15:51:02.930396" elapsed="0.003329"/>
</kw>
<kw name="Get Text" owner="Browser">
<msg time="2024-04-17T15:51:02.939806" level="INFO">Text: 'Password does not match'</msg>
<arg>css=#confirmPassword-helper-text</arg>
<arg>contains</arg>
<arg>Password does not match</arg>
<tag>Assertion</tag>
<tag>Getter</tag>
<tag>PageContent</tag>
<doc>Returns text attribute of the element found by ``selector``.</doc>
<status status="PASS" start="2024-04-17T15:51:02.933999" elapsed="0.005866"/>
</kw>
<kw name="Wait For Elements State" owner="Browser">
<msg time="2024-04-17T15:51:02.945170" level="INFO">Waited for Element with selector css=[data-test="signup-submit"] at state disabled</msg>
<arg>css=[data-test="signup-submit"]</arg>
<arg>disabled</arg>
<arg>timeout=5 s</arg>
<tag>PageContent</tag>
<tag>Wait</tag>
<doc>Waits for the element found by ``selector`` to satisfy state option.</doc>
<status status="PASS" start="2024-04-17T15:51:02.940020" elapsed="0.005229"/>
</kw>
<status status="PASS" start="2024-04-17T15:51:02.122387" elapsed="0.823028"/>
</test>
<test id="s1-s1-t7" name="should error for an invalid user" line="180">
<kw name="POST" owner="RequestsLibrary" type="SETUP">
<msg time="2024-04-17T15:51:02.976006" level="INFO">POST Request : url=http://localhost:3001/testData/seed 
 path_url=/testData/seed 
 headers={'User-Agent': 'python-requests/2.22.0', 'Accept-Encoding': 'gzip, deflate', 'Accept': '*/*', 'Connection': 'keep-alive', 'Content-Length': '0'} 
 body=None 
 </msg>
<msg time="2024-04-17T15:51:02.976067" level="INFO">POST Response : url=http://localhost:3001/testData/seed 
 status=200, reason=OK 
 headers={'X-Powered-By': 'Express', 'Access-Control-Allow-Origin': 'http://localhost:3000', 'Vary': 'Origin', 'Access-Control-Allow-Credentials': 'true', 'Content-Type': 'text/plain; charset=utf-8', 'Content-Length': '2', 'ETag': 'W/"2-nOO9QiTIwXgNtWtBJezz8kv3SLc"', 'Date': 'Wed, 17 Apr 2024 22:51:02 GMT', 'Connection': 'keep-alive', 'Keep-Alive': 'timeout=5'} 
 body=OK 
 </msg>
<arg>${api}/testData/seed</arg>
<doc>Sends a POST request.</doc>
<status status="PASS" start="2024-04-17T15:51:02.969844" elapsed="0.006271"/>
</kw>
<kw name="New Page" owner="Browser">
<msg time="2024-04-17T15:51:03.401265" level="INFO">Successfully initialized new page object and opened url: http://localhost:3000/signin</msg>
<msg time="2024-04-17T15:51:03.401440" level="INFO">No context was open. New context was automatically opened when this page is created.</msg>
<arg>${host}/signin</arg>
<tag>BrowserControl</tag>
<tag>Setter</tag>
<doc>Open a new Page.</doc>
<status status="PASS" start="2024-04-17T15:51:02.976295" elapsed="0.425309"/>
</kw>
<kw name="Login user">
<kw name="Fill Text" owner="Browser">
<msg time="2024-04-17T15:51:03.402639" level="INFO">Fills the text 'invalidUserName' in the given field.</msg>
<arg>id=username</arg>
<arg>${password}</arg>
<tag>PageContent</tag>
<tag>Setter</tag>
<doc>Clears and fills the given ``txt`` into the text field found by ``selector``.</doc>
<status status="PASS" start="2024-04-17T15:51:03.402228" elapsed="0.081543"/>
</kw>
<kw name="Fill Text" owner="Browser">
<msg time="2024-04-17T15:51:03.484854" level="INFO">Fills the text 'invalidPa$$word' in the given field.</msg>
<arg>id=password</arg>
<arg>${username}</arg>
<tag>PageContent</tag>
<tag>Setter</tag>
<doc>Clears and fills the given ``txt`` into the text field found by ``selector``.</doc>
<status status="PASS" start="2024-04-17T15:51:03.483888" elapsed="0.060688"/>
</kw>
<kw name="Get Element" owner="Browser">
<msg time="2024-04-17T15:51:03.547708" level="INFO">Locator found successfully.</msg>
<msg time="2024-04-17T15:51:03.547889" level="INFO">${element} = xpath=//button/span[text()="Sign In"]</msg>
<var>${element}</var>
<arg>xpath=//button/span[text()="Sign In"]</arg>
<tag>Getter</tag>
<tag>PageContent</tag>
<doc>Returns a reference to a Playwright [https://playwright.dev/docs/api/class-locator|Locator].</doc>
<status status="PASS" start="2024-04-17T15:51:03.544750" elapsed="0.003153"/>
</kw>
<kw name="Click" owner="Browser">
<arg>${element}</arg>
<tag>PageContent</tag>
<tag>Setter</tag>
<doc>Simulates mouse click on the element found by ``selector``.</doc>
<status status="PASS" start="2024-04-17T15:51:03.548060" elapsed="0.091932"/>
</kw>
<arg>invalidUserName</arg>
<arg>invalidPa$$word</arg>
<doc>This keyword Logins User</doc>
<status status="PASS" start="2024-04-17T15:51:03.401963" elapsed="0.238129"/>
</kw>
<kw name="Wait For Elements State" owner="Browser">
<msg time="2024-04-17T15:51:03.645045" level="INFO">Waited for Element with selector css=[data-test="signin-error"] at state visible</msg>
<arg>css=[data-test="signin-error"]</arg>
<arg>visible</arg>
<arg>timeout=5 s</arg>
<tag>PageContent</tag>
<tag>Wait</tag>
<doc>Waits for the element found by ``selector`` to satisfy state option.</doc>
<status status="PASS" start="2024-04-17T15:51:03.640258" elapsed="0.004950"/>
</kw>
<kw name="Get Text" owner="Browser">
<msg time="2024-04-17T15:51:03.659494" level="INFO">Text: 'Username or password is invalid'</msg>
<arg>css=[data-test="signin-error"]</arg>
<arg>contains</arg>
<arg>Username or password is invalid</arg>
<tag>Assertion</tag>
<tag>Getter</tag>
<tag>PageContent</tag>
<doc>Returns text attribute of the element found by ``selector``.</doc>
<status status="PASS" start="2024-04-17T15:51:03.645396" elapsed="0.014163"/>
</kw>
<status status="PASS" start="2024-04-17T15:51:02.967977" elapsed="0.691730"/>
</test>
<test id="s1-s1-t8" name="should error for an invalid password for existing user" line="189">
<kw name="POST" owner="RequestsLibrary" type="SETUP">
<msg time="2024-04-17T15:51:03.688371" level="INFO">POST Request : url=http://localhost:3001/testData/seed 
 path_url=/testData/seed 
 headers={'User-Agent': 'python-requests/2.22.0', 'Accept-Encoding': 'gzip, deflate', 'Accept': '*/*', 'Connection': 'keep-alive', 'Content-Length': '0'} 
 body=None 
 </msg>
<msg time="2024-04-17T15:51:03.688534" level="INFO">POST Response : url=http://localhost:3001/testData/seed 
 status=200, reason=OK 
 headers={'X-Powered-By': 'Express', 'Access-Control-Allow-Origin': 'http://localhost:3000', 'Vary': 'Origin', 'Access-Control-Allow-Credentials': 'true', 'Content-Type': 'text/plain; charset=utf-8', 'Content-Length': '2', 'ETag': 'W/"2-nOO9QiTIwXgNtWtBJezz8kv3SLc"', 'Date': 'Wed, 17 Apr 2024 22:51:03 GMT', 'Connection': 'keep-alive', 'Keep-Alive': 'timeout=5'} 
 body=OK 
 </msg>
<arg>${api}/testData/seed</arg>
<doc>Sends a POST request.</doc>
<status status="PASS" start="2024-04-17T15:51:03.680707" elapsed="0.007903"/>
</kw>
<kw name="New Page" owner="Browser">
<msg time="2024-04-17T15:51:04.116625" level="INFO">Successfully initialized new page object and opened url: http://localhost:3000/signin</msg>
<msg time="2024-04-17T15:51:04.116672" level="INFO">No context was open. New context was automatically opened when this page is created.</msg>
<arg>${host}/signin</arg>
<tag>BrowserControl</tag>
<tag>Setter</tag>
<doc>Open a new Page.</doc>
<status status="PASS" start="2024-04-17T15:51:03.688849" elapsed="0.427886"/>
</kw>
<kw name="Login user">
<kw name="Fill Text" owner="Browser">
<msg time="2024-04-17T15:51:04.117325" level="INFO">Fills the text 'Tavares_Barrows' in the given field.</msg>
<arg>id=username</arg>
<arg>${password}</arg>
<tag>PageContent</tag>
<tag>Setter</tag>
<doc>Clears and fills the given ``txt`` into the text field found by ``selector``.</doc>
<status status="PASS" start="2024-04-17T15:51:04.117114" elapsed="0.076659"/>
</kw>
<kw name="Fill Text" owner="Browser">
<msg time="2024-04-17T15:51:04.194146" level="INFO">Fills the text 'INVALID' in the given field.</msg>
<arg>id=password</arg>
<arg>${username}</arg>
<tag>PageContent</tag>
<tag>Setter</tag>
<doc>Clears and fills the given ``txt`` into the text field found by ``selector``.</doc>
<status status="PASS" start="2024-04-17T15:51:04.193893" elapsed="0.052225"/>
</kw>
<kw name="Get Element" owner="Browser">
<msg time="2024-04-17T15:51:04.249231" level="INFO">Locator found successfully.</msg>
<msg time="2024-04-17T15:51:04.249335" level="INFO">${element} = xpath=//button/span[text()="Sign In"]</msg>
<var>${element}</var>
<arg>xpath=//button/span[text()="Sign In"]</arg>
<tag>Getter</tag>
<tag>PageContent</tag>
<doc>Returns a reference to a Playwright [https://playwright.dev/docs/api/class-locator|Locator].</doc>
<status status="PASS" start="2024-04-17T15:51:04.246246" elapsed="0.003101"/>
</kw>
<kw name="Click" owner="Browser">
<arg>${element}</arg>
<tag>PageContent</tag>
<tag>Setter</tag>
<doc>Simulates mouse click on the element found by ``selector``.</doc>
<status status="PASS" start="2024-04-17T15:51:04.249451" elapsed="0.143221"/>
</kw>
<arg>Tavares_Barrows</arg>
<arg>INVALID</arg>
<doc>This keyword Logins User</doc>
<status status="PASS" start="2024-04-17T15:51:04.116939" elapsed="0.275820"/>
</kw>
<kw name="Wait For Elements State" owner="Browser">
<msg time="2024-04-17T15:51:04.480067" level="INFO">Waited for Element with selector css=[data-test="signin-error"] at state visible</msg>
<arg>css=[data-test="signin-error"]</arg>
<arg>visible</arg>
<arg>timeout=5 s</arg>
<tag>PageContent</tag>
<tag>Wait</tag>
<doc>Waits for the element found by ``selector`` to satisfy state option.</doc>
<status status="PASS" start="2024-04-17T15:51:04.392919" elapsed="0.087234"/>
</kw>
<kw name="Get Text" owner="Browser">
<msg time="2024-04-17T15:51:04.492185" level="INFO">Text: 'Username or password is invalid'</msg>
<arg>css=[data-test="signin-error"]</arg>
<arg>contains</arg>
<arg>Username or password is invalid</arg>
<tag>Assertion</tag>
<tag>Getter</tag>
<tag>PageContent</tag>
<doc>Returns text attribute of the element found by ``selector``.</doc>
<status status="PASS" start="2024-04-17T15:51:04.480317" elapsed="0.011928"/>
</kw>
<status status="PASS" start="2024-04-17T15:51:03.679362" elapsed="0.813059"/>
</test>
<status status="PASS" start="2024-04-17T15:50:53.738514" elapsed="10.770020"/>
</suite>
<suite id="s1-s2" name="Bank Account" source="/Users/gerardo.mitsuyfukazawa/CIS565/ui_tests/Bank_Account.robot">
<test id="s1-s2-t1" name="should redirect to the Bank Accounts page after selecting Bank Accounts on the side bar" line="21">
<kw name="New Page" owner="Browser">
<msg time="2024-04-17T15:51:04.567826" level="INFO">Successfully initialized new page object and opened url: about:blank</msg>
<msg time="2024-04-17T15:51:04.567876" level="INFO">No context was open. New context was automatically opened when this page is created.</msg>
<tag>BrowserControl</tag>
<tag>Setter</tag>
<doc>Open a new Page.</doc>
<status status="PASS" start="2024-04-17T15:51:04.515059" elapsed="0.052882"/>
</kw>
<kw name="New Page" owner="Browser">
<msg time="2024-04-17T15:51:04.928858" level="INFO">Successfully initialized new page object and opened url: http://localhost:3000/signin</msg>
<arg>http://localhost:3000/signin</arg>
<tag>BrowserControl</tag>
<tag>Setter</tag>
<doc>Open a new Page.</doc>
<status status="PASS" start="2024-04-17T15:51:04.568094" elapsed="0.360864"/>
</kw>
<kw name="Fill Text" owner="Browser">
<msg time="2024-04-17T15:51:04.929425" level="INFO">Fills the text 'Katharina_Bernier' in the given field.</msg>
<arg>id=username</arg>
<arg>${Login_Info}[username]</arg>
<tag>PageContent</tag>
<tag>Setter</tag>
<doc>Clears and fills the given ``txt`` into the text field found by ``selector``.</doc>
<status status="PASS" start="2024-04-17T15:51:04.929130" elapsed="0.075336"/>
</kw>
<kw name="Fill Text" owner="Browser">
<msg time="2024-04-17T15:51:05.004878" level="INFO">Fills the text 's3cret' in the given field.</msg>
<arg>id=password</arg>
<arg>${Login_Info}[password]</arg>
<tag>PageContent</tag>
<tag>Setter</tag>
<doc>Clears and fills the given ``txt`` into the text field found by ``selector``.</doc>
<status status="PASS" start="2024-04-17T15:51:05.004630" elapsed="0.053313"/>
</kw>
<kw name="Get Element" owner="Browser">
<msg time="2024-04-17T15:51:05.061476" level="INFO">Locator found successfully.</msg>
<msg time="2024-04-17T15:51:05.061613" level="INFO">${Sign_in} = xpath=//button/span[text()="Sign In"]</msg>
<var>${Sign_in}</var>
<arg>xpath=//button/span[text()="Sign In"]</arg>
<tag>Getter</tag>
<tag>PageContent</tag>
<doc>Returns a reference to a Playwright [https://playwright.dev/docs/api/class-locator|Locator].</doc>
<status status="PASS" start="2024-04-17T15:51:05.058127" elapsed="0.003504"/>
</kw>
<kw name="Click" owner="Browser">
<arg>${Sign_in}</arg>
<tag>PageContent</tag>
<tag>Setter</tag>
<doc>Simulates mouse click on the element found by ``selector``.</doc>
<status status="PASS" start="2024-04-17T15:51:05.061847" elapsed="0.061287"/>
</kw>
<kw name="Get Element" owner="Browser">
<msg time="2024-04-17T15:51:05.273951" level="INFO">Locator found successfully.</msg>
<msg time="2024-04-17T15:51:05.274089" level="INFO">${Bank_Accounts_Button} = xpath=//*[@id="root"]/div/div/div/div[2]/div[3]/ul/div/a[3]</msg>
<var>${Bank_Accounts_Button}</var>
<arg>xpath=${Bank_Accounts_XPath}</arg>
<tag>Getter</tag>
<tag>PageContent</tag>
<doc>Returns a reference to a Playwright [https://playwright.dev/docs/api/class-locator|Locator].</doc>
<status status="PASS" start="2024-04-17T15:51:05.123317" elapsed="0.150785"/>
</kw>
<kw name="Click" owner="Browser">
<arg>${Bank_Accounts_Button}</arg>
<tag>PageContent</tag>
<tag>Setter</tag>
<doc>Simulates mouse click on the element found by ``selector``.</doc>
<status status="PASS" start="2024-04-17T15:51:05.274271" elapsed="0.139279"/>
</kw>
<kw name="Get Element" owner="Browser">
<msg time="2024-04-17T15:51:05.417657" level="INFO">Locator found successfully.</msg>
<msg time="2024-04-17T15:51:05.417781" level="INFO">${Header} = xpath=//*[@id="root"]/div/main/div[2]/div/div/div/div/div[1]/h2</msg>
<var>${Header}</var>
<arg>xpath=${Bank_Account_Header_XPath}</arg>
<tag>Getter</tag>
<tag>PageContent</tag>
<doc>Returns a reference to a Playwright [https://playwright.dev/docs/api/class-locator|Locator].</doc>
<status status="PASS" start="2024-04-17T15:51:05.413761" elapsed="0.004033"/>
</kw>
<kw name="Get Url" owner="Browser">
<arg>equals</arg>
<arg>http://localhost:3000/bankaccounts</arg>
<tag>Assertion</tag>
<tag>Getter</tag>
<tag>PageContent</tag>
<doc>Returns the current URL.</doc>
<status status="PASS" start="2024-04-17T15:51:05.418037" elapsed="0.003902"/>
</kw>
<kw name="Get Text" owner="Browser">
<msg time="2024-04-17T15:51:05.434565" level="INFO">Text: 'Bank Accounts'</msg>
<arg>${Header}</arg>
<arg>equals</arg>
<arg>Bank Accounts</arg>
<tag>Assertion</tag>
<tag>Getter</tag>
<tag>PageContent</tag>
<doc>Returns text attribute of the element found by ``selector``.</doc>
<status status="PASS" start="2024-04-17T15:51:05.422146" elapsed="0.012564"/>
</kw>
<status status="PASS" start="2024-04-17T15:51:04.514070" elapsed="0.920974"/>
</test>
<test id="s1-s2-t2" name="Bank Account Page should have button to create new bank account" line="34">
<kw name="New Page" owner="Browser">
<msg time="2024-04-17T15:51:05.554119" level="INFO">Successfully initialized new page object and opened url: about:blank</msg>
<msg time="2024-04-17T15:51:05.554184" level="INFO">No context was open. New context was automatically opened when this page is created.</msg>
<tag>BrowserControl</tag>
<tag>Setter</tag>
<doc>Open a new Page.</doc>
<status status="PASS" start="2024-04-17T15:51:05.468401" elapsed="0.085856"/>
</kw>
<kw name="New Page" owner="Browser">
<msg time="2024-04-17T15:51:06.312561" level="INFO">Successfully initialized new page object and opened url: http://localhost:3000/signin</msg>
<arg>http://localhost:3000/signin</arg>
<tag>BrowserControl</tag>
<tag>Setter</tag>
<doc>Open a new Page.</doc>
<status status="PASS" start="2024-04-17T15:51:05.554457" elapsed="0.758240"/>
</kw>
<kw name="Fill Text" owner="Browser">
<msg time="2024-04-17T15:51:06.313206" level="INFO">Fills the text 'Katharina_Bernier' in the given field.</msg>
<arg>id=username</arg>
<arg>${Login_Info}[username]</arg>
<tag>PageContent</tag>
<tag>Setter</tag>
<doc>Clears and fills the given ``txt`` into the text field found by ``selector``.</doc>
<status status="PASS" start="2024-04-17T15:51:06.312902" elapsed="0.281591"/>
</kw>
<kw name="Fill Text" owner="Browser">
<msg time="2024-04-17T15:51:06.595045" level="INFO">Fills the text 's3cret' in the given field.</msg>
<arg>id=password</arg>
<arg>${Login_Info}[password]</arg>
<tag>PageContent</tag>
<tag>Setter</tag>
<doc>Clears and fills the given ``txt`` into the text field found by ``selector``.</doc>
<status status="PASS" start="2024-04-17T15:51:06.594726" elapsed="0.105794"/>
</kw>
<kw name="Get Element" owner="Browser">
<msg time="2024-04-17T15:51:06.710686" level="INFO">Locator found successfully.</msg>
<msg time="2024-04-17T15:51:06.711267" level="INFO">${Sign_in} = xpath=//button/span[text()="Sign In"]</msg>
<var>${Sign_in}</var>
<arg>xpath=//button/span[text()="Sign In"]</arg>
<tag>Getter</tag>
<tag>PageContent</tag>
<doc>Returns a reference to a Playwright [https://playwright.dev/docs/api/class-locator|Locator].</doc>
<status status="PASS" start="2024-04-17T15:51:06.700706" elapsed="0.010613"/>
</kw>
<kw name="Click" owner="Browser">
<arg>${Sign_in}</arg>
<tag>PageContent</tag>
<tag>Setter</tag>
<doc>Simulates mouse click on the element found by ``selector``.</doc>
<status status="PASS" start="2024-04-17T15:51:06.711915" elapsed="0.087155"/>
</kw>
<kw name="Get Element" owner="Browser">
<msg time="2024-04-17T15:51:07.014263" level="INFO">Locator found successfully.</msg>
<msg time="2024-04-17T15:51:07.014430" level="INFO">${Bank_Accounts_Button} = xpath=//*[@id="root"]/div/div/div/div[2]/div[3]/ul/div/a[3]</msg>
<var>${Bank_Accounts_Button}</var>
<arg>xpath=${Bank_Accounts_XPath}</arg>
<tag>Getter</tag>
<tag>PageContent</tag>
<doc>Returns a reference to a Playwright [https://playwright.dev/docs/api/class-locator|Locator].</doc>
<status status="PASS" start="2024-04-17T15:51:06.799439" elapsed="0.215005"/>
</kw>
<kw name="Click" owner="Browser">
<arg>${Bank_Accounts_Button}</arg>
<tag>PageContent</tag>
<tag>Setter</tag>
<doc>Simulates mouse click on the element found by ``selector``.</doc>
<status status="PASS" start="2024-04-17T15:51:07.014632" elapsed="0.077690"/>
</kw>
<kw name="Get Element" owner="Browser">
<msg time="2024-04-17T15:51:07.096814" level="INFO">Locator found successfully.</msg>
<msg time="2024-04-17T15:51:07.096969" level="INFO">${Create_Button} = xpath=//*[@id="root"]/div/main/div[2]/div/div/div/div/div[2]/a</msg>
<var>${Create_Button}</var>
<arg>xpath=${Create_Bank_Account_XPath}</arg>
<tag>Getter</tag>
<tag>PageContent</tag>
<doc>Returns a reference to a Playwright [https://playwright.dev/docs/api/class-locator|Locator].</doc>
<status status="PASS" start="2024-04-17T15:51:07.092535" elapsed="0.004447"/>
</kw>
<kw name="Get Text" owner="Browser">
<msg time="2024-04-17T15:51:07.110345" level="INFO">Text: 'CREATE'</msg>
<arg>${Create_Button}</arg>
<arg>equals</arg>
<arg>CREATE</arg>
<tag>Assertion</tag>
<tag>Getter</tag>
<tag>PageContent</tag>
<doc>Returns text attribute of the element found by ``selector``.</doc>
<status status="PASS" start="2024-04-17T15:51:07.097223" elapsed="0.013292"/>
</kw>
<status status="PASS" start="2024-04-17T15:51:05.465323" elapsed="1.645426"/>
</test>
<test id="s1-s2-t3" name="Bank Account Page should have button to delete bank account" line="46">
<kw name="New Page" owner="Browser">
<msg time="2024-04-17T15:51:07.234477" level="INFO">Successfully initialized new page object and opened url: about:blank</msg>
<msg time="2024-04-17T15:51:07.234524" level="INFO">No context was open. New context was automatically opened when this page is created.</msg>
<tag>BrowserControl</tag>
<tag>Setter</tag>
<doc>Open a new Page.</doc>
<status status="PASS" start="2024-04-17T15:51:07.162621" elapsed="0.071973"/>
</kw>
<kw name="New Page" owner="Browser">
<msg time="2024-04-17T15:51:07.817007" level="INFO">Successfully initialized new page object and opened url: http://localhost:3000/signin</msg>
<arg>http://localhost:3000/signin</arg>
<tag>BrowserControl</tag>
<tag>Setter</tag>
<doc>Open a new Page.</doc>
<status status="PASS" start="2024-04-17T15:51:07.234742" elapsed="0.582372"/>
</kw>
<kw name="Fill Text" owner="Browser">
<msg time="2024-04-17T15:51:07.817718" level="INFO">Fills the text 'Katharina_Bernier' in the given field.</msg>
<arg>id=username</arg>
<arg>${Login_Info}[username]</arg>
<tag>PageContent</tag>
<tag>Setter</tag>
<doc>Clears and fills the given ``txt`` into the text field found by ``selector``.</doc>
<status status="PASS" start="2024-04-17T15:51:07.817419" elapsed="0.165094"/>
</kw>
<kw name="Fill Text" owner="Browser">
<msg time="2024-04-17T15:51:07.983228" level="INFO">Fills the text 's3cret' in the given field.</msg>
<arg>id=password</arg>
<arg>${Login_Info}[password]</arg>
<tag>PageContent</tag>
<tag>Setter</tag>
<doc>Clears and fills the given ``txt`` into the text field found by ``selector``.</doc>
<status status="PASS" start="2024-04-17T15:51:07.982812" elapsed="0.067539"/>
</kw>
<kw name="Get Element" owner="Browser">
<msg time="2024-04-17T15:51:08.056095" level="INFO">Locator found successfully.</msg>
<msg time="2024-04-17T15:51:08.056223" level="INFO">${Sign_in} = xpath=//button/span[text()="Sign In"]</msg>
<var>${Sign_in}</var>
<arg>xpath=//button/span[text()="Sign In"]</arg>
<tag>Getter</tag>
<tag>PageContent</tag>
<doc>Returns a reference to a Playwright [https://playwright.dev/docs/api/class-locator|Locator].</doc>
<status status="PASS" start="2024-04-17T15:51:08.050567" elapsed="0.005669"/>
</kw>
<kw name="Click" owner="Browser">
<arg>${Sign_in}</arg>
<tag>PageContent</tag>
<tag>Setter</tag>
<doc>Simulates mouse click on the element found by ``selector``.</doc>
<status status="PASS" start="2024-04-17T15:51:08.056415" elapsed="0.087852"/>
</kw>
<kw name="Get Element" owner="Browser">
<msg time="2024-04-17T15:51:08.343815" level="INFO">Locator found successfully.</msg>
<msg time="2024-04-17T15:51:08.343949" level="INFO">${Bank_Accounts_Button} = xpath=//*[@id="root"]/div/div/div/div[2]/div[3]/ul/div/a[3]</msg>
<var>${Bank_Accounts_Button}</var>
<arg>xpath=${Bank_Accounts_XPath}</arg>
<tag>Getter</tag>
<tag>PageContent</tag>
<doc>Returns a reference to a Playwright [https://playwright.dev/docs/api/class-locator|Locator].</doc>
<status status="PASS" start="2024-04-17T15:51:08.144439" elapsed="0.199751"/>
</kw>
<kw name="Click" owner="Browser">
<arg>${Bank_Accounts_Button}</arg>
<tag>PageContent</tag>
<tag>Setter</tag>
<doc>Simulates mouse click on the element found by ``selector``.</doc>
<status status="PASS" start="2024-04-17T15:51:08.344344" elapsed="0.072338"/>
</kw>
<kw name="Get Element" owner="Browser">
<msg time="2024-04-17T15:51:08.429051" level="INFO">Locator found successfully.</msg>
<msg time="2024-04-17T15:51:08.429189" level="INFO">${Delete_Button} = xpath=//*[@id="root"]/div/main/div[2]/div/div/div/ul/li[1]/div/div[2]/button</msg>
<var>${Delete_Button}</var>
<arg>xpath=${Delete_Bank_Account_XPath}</arg>
<tag>Getter</tag>
<tag>PageContent</tag>
<doc>Returns a reference to a Playwright [https://playwright.dev/docs/api/class-locator|Locator].</doc>
<status status="PASS" start="2024-04-17T15:51:08.417072" elapsed="0.012131"/>
</kw>
<kw name="Get Text" owner="Browser">
<msg time="2024-04-17T15:51:08.442021" level="INFO">Text: 'DELETE'</msg>
<arg>${Delete_Button}</arg>
<arg>equals</arg>
<arg>DELETE</arg>
<tag>Assertion</tag>
<tag>Getter</tag>
<tag>PageContent</tag>
<doc>Returns text attribute of the element found by ``selector``.</doc>
<status status="PASS" start="2024-04-17T15:51:08.429558" elapsed="0.012523"/>
</kw>
<status status="PASS" start="2024-04-17T15:51:07.160832" elapsed="1.281393"/>
</test>
<test id="s1-s2-t4" name="Bank Account Page should redirect the page after hitting create button" line="58">
<kw name="New Page" owner="Browser">
<msg time="2024-04-17T15:51:08.540883" level="INFO">Successfully initialized new page object and opened url: about:blank</msg>
<msg time="2024-04-17T15:51:08.540930" level="INFO">No context was open. New context was automatically opened when this page is created.</msg>
<tag>BrowserControl</tag>
<tag>Setter</tag>
<doc>Open a new Page.</doc>
<status status="PASS" start="2024-04-17T15:51:08.474650" elapsed="0.066345"/>
</kw>
<kw name="New Page" owner="Browser">
<msg time="2024-04-17T15:51:08.971603" level="INFO">Successfully initialized new page object and opened url: http://localhost:3000/signin</msg>
<arg>http://localhost:3000/signin</arg>
<tag>BrowserControl</tag>
<tag>Setter</tag>
<doc>Open a new Page.</doc>
<status status="PASS" start="2024-04-17T15:51:08.541159" elapsed="0.430546"/>
</kw>
<kw name="Fill Text" owner="Browser">
<msg time="2024-04-17T15:51:08.972130" level="INFO">Fills the text 'Katharina_Bernier' in the given field.</msg>
<arg>id=username</arg>
<arg>${Login_Info}[username]</arg>
<tag>PageContent</tag>
<tag>Setter</tag>
<doc>Clears and fills the given ``txt`` into the text field found by ``selector``.</doc>
<status status="PASS" start="2024-04-17T15:51:08.971865" elapsed="0.078200"/>
</kw>
<kw name="Fill Text" owner="Browser">
<msg time="2024-04-17T15:51:09.050539" level="INFO">Fills the text 's3cret' in the given field.</msg>
<arg>id=password</arg>
<arg>${Login_Info}[password]</arg>
<tag>PageContent</tag>
<tag>Setter</tag>
<doc>Clears and fills the given ``txt`` into the text field found by ``selector``.</doc>
<status status="PASS" start="2024-04-17T15:51:09.050233" elapsed="0.068936"/>
</kw>
<kw name="Get Element" owner="Browser">
<msg time="2024-04-17T15:51:09.124469" level="INFO">Locator found successfully.</msg>
<msg time="2024-04-17T15:51:09.124594" level="INFO">${Sign_in} = xpath=//button/span[text()="Sign In"]</msg>
<var>${Sign_in}</var>
<arg>xpath=//button/span[text()="Sign In"]</arg>
<tag>Getter</tag>
<tag>PageContent</tag>
<doc>Returns a reference to a Playwright [https://playwright.dev/docs/api/class-locator|Locator].</doc>
<status status="PASS" start="2024-04-17T15:51:09.119642" elapsed="0.004965"/>
</kw>
<kw name="Click" owner="Browser">
<arg>${Sign_in}</arg>
<tag>PageContent</tag>
<tag>Setter</tag>
<doc>Simulates mouse click on the element found by ``selector``.</doc>
<status status="PASS" start="2024-04-17T15:51:09.124775" elapsed="0.068280"/>
</kw>
<kw name="Get Element" owner="Browser">
<msg time="2024-04-17T15:51:09.468209" level="INFO">Locator found successfully.</msg>
<msg time="2024-04-17T15:51:09.468363" level="INFO">${Bank_Accounts_Button} = xpath=//*[@id="root"]/div/div/div/div[2]/div[3]/ul/div/a[3]</msg>
<var>${Bank_Accounts_Button}</var>
<arg>xpath=${Bank_Accounts_XPath}</arg>
<tag>Getter</tag>
<tag>PageContent</tag>
<doc>Returns a reference to a Playwright [https://playwright.dev/docs/api/class-locator|Locator].</doc>
<status status="PASS" start="2024-04-17T15:51:09.193241" elapsed="0.275136"/>
</kw>
<kw name="Click" owner="Browser">
<arg>${Bank_Accounts_Button}</arg>
<tag>PageContent</tag>
<tag>Setter</tag>
<doc>Simulates mouse click on the element found by ``selector``.</doc>
<status status="PASS" start="2024-04-17T15:51:09.468571" elapsed="0.057144"/>
</kw>
<kw name="Get Element" owner="Browser">
<msg time="2024-04-17T15:51:09.528556" level="INFO">Locator found successfully.</msg>
<msg time="2024-04-17T15:51:09.528674" level="INFO">${Create_Button} = xpath=//*[@id="root"]/div/main/div[2]/div/div/div/div/div[2]/a</msg>
<var>${Create_Button}</var>
<arg>xpath=${Create_Bank_Account_XPath}</arg>
<tag>Getter</tag>
<tag>PageContent</tag>
<doc>Returns a reference to a Playwright [https://playwright.dev/docs/api/class-locator|Locator].</doc>
<status status="PASS" start="2024-04-17T15:51:09.525897" elapsed="0.002789"/>
</kw>
<kw name="Click" owner="Browser">
<arg>${Create_Button}</arg>
<tag>PageContent</tag>
<tag>Setter</tag>
<doc>Simulates mouse click on the element found by ``selector``.</doc>
<status status="PASS" start="2024-04-17T15:51:09.528858" elapsed="0.044229"/>
</kw>
<kw name="Get Url" owner="Browser">
<arg>equals</arg>
<arg>http://localhost:3000/bankaccounts/new</arg>
<tag>Assertion</tag>
<tag>Getter</tag>
<tag>PageContent</tag>
<doc>Returns the current URL.</doc>
<status status="PASS" start="2024-04-17T15:51:09.573306" elapsed="0.001312"/>
</kw>
<status status="PASS" start="2024-04-17T15:51:08.472904" elapsed="1.101945"/>
</test>
<test id="s1-s2-t5" name="Create new bank account page should have a helper for the spot to fill in bank name" line="71">
<kw name="New Page" owner="Browser">
<msg time="2024-04-17T15:51:09.681359" level="INFO">Successfully initialized new page object and opened url: about:blank</msg>
<msg time="2024-04-17T15:51:09.681457" level="INFO">No context was open. New context was automatically opened when this page is created.</msg>
<tag>BrowserControl</tag>
<tag>Setter</tag>
<doc>Open a new Page.</doc>
<status status="PASS" start="2024-04-17T15:51:09.614061" elapsed="0.067546"/>
</kw>
<kw name="New Page" owner="Browser">
<msg time="2024-04-17T15:51:10.059620" level="INFO">Successfully initialized new page object and opened url: http://localhost:3000/signin</msg>
<arg>http://localhost:3000/signin</arg>
<tag>BrowserControl</tag>
<tag>Setter</tag>
<doc>Open a new Page.</doc>
<status status="PASS" start="2024-04-17T15:51:09.681929" elapsed="0.377796"/>
</kw>
<kw name="Fill Text" owner="Browser">
<msg time="2024-04-17T15:51:10.060138" level="INFO">Fills the text 'Katharina_Bernier' in the given field.</msg>
<arg>id=username</arg>
<arg>${Login_Info}[username]</arg>
<tag>PageContent</tag>
<tag>Setter</tag>
<doc>Clears and fills the given ``txt`` into the text field found by ``selector``.</doc>
<status status="PASS" start="2024-04-17T15:51:10.059881" elapsed="0.077966"/>
</kw>
<kw name="Fill Text" owner="Browser">
<msg time="2024-04-17T15:51:10.138690" level="INFO">Fills the text 's3cret' in the given field.</msg>
<arg>id=password</arg>
<arg>${Login_Info}[password]</arg>
<tag>PageContent</tag>
<tag>Setter</tag>
<doc>Clears and fills the given ``txt`` into the text field found by ``selector``.</doc>
<status status="PASS" start="2024-04-17T15:51:10.138128" elapsed="0.061594"/>
</kw>
<kw name="Get Element" owner="Browser">
<msg time="2024-04-17T15:51:10.202605" level="INFO">Locator found successfully.</msg>
<msg time="2024-04-17T15:51:10.202741" level="INFO">${Sign_in} = xpath=//button/span[text()="Sign In"]</msg>
<var>${Sign_in}</var>
<arg>xpath=//button/span[text()="Sign In"]</arg>
<tag>Getter</tag>
<tag>PageContent</tag>
<doc>Returns a reference to a Playwright [https://playwright.dev/docs/api/class-locator|Locator].</doc>
<status status="PASS" start="2024-04-17T15:51:10.199901" elapsed="0.002852"/>
</kw>
<kw name="Click" owner="Browser">
<arg>${Sign_in}</arg>
<tag>PageContent</tag>
<tag>Setter</tag>
<doc>Simulates mouse click on the element found by ``selector``.</doc>
<status status="PASS" start="2024-04-17T15:51:10.202967" elapsed="0.078249"/>
</kw>
<kw name="Get Element" owner="Browser">
<msg time="2024-04-17T15:51:10.661757" level="INFO">Locator found successfully.</msg>
<msg time="2024-04-17T15:51:10.661941" level="INFO">${Bank_Accounts_Button} = xpath=//*[@id="root"]/div/div/div/div[2]/div[3]/ul/div/a[3]</msg>
<var>${Bank_Accounts_Button}</var>
<arg>xpath=${Bank_Accounts_XPath}</arg>
<tag>Getter</tag>
<tag>PageContent</tag>
<doc>Returns a reference to a Playwright [https://playwright.dev/docs/api/class-locator|Locator].</doc>
<status status="PASS" start="2024-04-17T15:51:10.281423" elapsed="0.380533"/>
</kw>
<kw name="Click" owner="Browser">
<arg>${Bank_Accounts_Button}</arg>
<tag>PageContent</tag>
<tag>Setter</tag>
<doc>Simulates mouse click on the element found by ``selector``.</doc>
<status status="PASS" start="2024-04-17T15:51:10.662506" elapsed="0.127927"/>
</kw>
<kw name="Get Element" owner="Browser">
<msg time="2024-04-17T15:51:10.802746" level="INFO">Locator found successfully.</msg>
<msg time="2024-04-17T15:51:10.802917" level="INFO">${Create_Button} = xpath=//*[@id="root"]/div/main/div[2]/div/div/div/div/div[2]/a</msg>
<var>${Create_Button}</var>
<arg>xpath=${Create_Bank_Account_XPath}</arg>
<tag>Getter</tag>
<tag>PageContent</tag>
<doc>Returns a reference to a Playwright [https://playwright.dev/docs/api/class-locator|Locator].</doc>
<status status="PASS" start="2024-04-17T15:51:10.791213" elapsed="0.011718"/>
</kw>
<kw name="Click" owner="Browser">
<arg>${Create_Button}</arg>
<tag>PageContent</tag>
<tag>Setter</tag>
<doc>Simulates mouse click on the element found by ``selector``.</doc>
<status status="PASS" start="2024-04-17T15:51:10.803167" elapsed="0.064882"/>
</kw>
<kw name="Get Element" owner="Browser">
<msg time="2024-04-17T15:51:10.884234" level="INFO">Locator found successfully.</msg>
<msg time="2024-04-17T15:51:10.884367" level="INFO">${Bank_Name} = xpath=//*[@id="bankaccount-bankName-input"]</msg>
<var>${Bank_Name}</var>
<arg>xpath=${Create_New_Bank_Name_XPath}</arg>
<tag>Getter</tag>
<tag>PageContent</tag>
<doc>Returns a reference to a Playwright [https://playwright.dev/docs/api/class-locator|Locator].</doc>
<status status="PASS" start="2024-04-17T15:51:10.868246" elapsed="0.016135"/>
</kw>
<kw name="Click" owner="Browser">
<arg>${Bank_Name}</arg>
<tag>PageContent</tag>
<tag>Setter</tag>
<doc>Simulates mouse click on the element found by ``selector``.</doc>
<status status="PASS" start="2024-04-17T15:51:10.884558" elapsed="0.153016"/>
</kw>
<kw name="Get Element" owner="Browser">
<msg time="2024-04-17T15:51:11.050075" level="INFO">Locator found successfully.</msg>
<msg time="2024-04-17T15:51:11.050212" level="INFO">${Click_off} = xpath=//*[@id="root"]/div/main/div[2]/div/div</msg>
<var>${Click_off}</var>
<arg>xpath=${Click_Off_TB_XPath}</arg>
<tag>Getter</tag>
<tag>PageContent</tag>
<doc>Returns a reference to a Playwright [https://playwright.dev/docs/api/class-locator|Locator].</doc>
<status status="PASS" start="2024-04-17T15:51:11.038424" elapsed="0.011801"/>
</kw>
<kw name="Click" owner="Browser">
<arg>${Click_off}</arg>
<tag>PageContent</tag>
<tag>Setter</tag>
<doc>Simulates mouse click on the element found by ``selector``.</doc>
<status status="PASS" start="2024-04-17T15:51:11.050386" elapsed="0.057006"/>
</kw>
<kw name="Get Element" owner="Browser">
<msg time="2024-04-17T15:51:11.110720" level="INFO">Locator found successfully.</msg>
<msg time="2024-04-17T15:51:11.110852" level="INFO">${Bank_Name_Helper} = xpath=//*[@id="bankaccount-bankName-input-helper-text"]</msg>
<var>${Bank_Name_Helper}</var>
<arg>xpath=${Create_New_Bank_Name_Helper_XPath}</arg>
<tag>Getter</tag>
<tag>PageContent</tag>
<doc>Returns a reference to a Playwright [https://playwright.dev/docs/api/class-locator|Locator].</doc>
<status status="PASS" start="2024-04-17T15:51:11.107615" elapsed="0.003250"/>
</kw>
<kw name="Get Text" owner="Browser">
<msg time="2024-04-17T15:51:11.126446" level="INFO">Text: 'Enter a bank name'</msg>
<arg>${Bank_Name_Helper}</arg>
<arg>equals</arg>
<arg>Enter a bank name</arg>
<tag>Assertion</tag>
<tag>Getter</tag>
<tag>PageContent</tag>
<doc>Returns text attribute of the element found by ``selector``.</doc>
<status status="PASS" start="2024-04-17T15:51:11.111046" elapsed="0.015484"/>
</kw>
<status status="PASS" start="2024-04-17T15:51:09.612427" elapsed="1.514275"/>
</test>
<test id="s1-s2-t6" name="Create new bank account page should have a spot that can be filled with bank name" line="90">
<kw name="New Page" owner="Browser">
<msg time="2024-04-17T15:51:11.231744" level="INFO">Successfully initialized new page object and opened url: about:blank</msg>
<msg time="2024-04-17T15:51:11.231795" level="INFO">No context was open. New context was automatically opened when this page is created.</msg>
<tag>BrowserControl</tag>
<tag>Setter</tag>
<doc>Open a new Page.</doc>
<status status="PASS" start="2024-04-17T15:51:11.153893" elapsed="0.077970"/>
</kw>
<kw name="New Page" owner="Browser">
<msg time="2024-04-17T15:51:11.709547" level="INFO">Successfully initialized new page object and opened url: http://localhost:3000/signin</msg>
<arg>http://localhost:3000/signin</arg>
<tag>BrowserControl</tag>
<tag>Setter</tag>
<doc>Open a new Page.</doc>
<status status="PASS" start="2024-04-17T15:51:11.232068" elapsed="0.477572"/>
</kw>
<kw name="Fill Text" owner="Browser">
<msg time="2024-04-17T15:51:11.710064" level="INFO">Fills the text 'Katharina_Bernier' in the given field.</msg>
<arg>id=username</arg>
<arg>${Login_Info}[username]</arg>
<tag>PageContent</tag>
<tag>Setter</tag>
<doc>Clears and fills the given ``txt`` into the text field found by ``selector``.</doc>
<status status="PASS" start="2024-04-17T15:51:11.709798" elapsed="0.141769"/>
</kw>
<kw name="Fill Text" owner="Browser">
<msg time="2024-04-17T15:51:11.852181" level="INFO">Fills the text 's3cret' in the given field.</msg>
<arg>id=password</arg>
[...]
<tag>Getter</tag>
<tag>PageContent</tag>
<doc>Returns text attribute of the element found by ``selector``.</doc>
<status status="PASS" start="2024-04-17T15:52:05.978244" elapsed="0.033708"/>
</kw>
<kw name="Fill Text" owner="Browser">
<msg time="2024-04-17T15:52:06.013305" level="INFO">Fills the text '123-456-7890' in the given field.</msg>
<arg>${phone}</arg>
<arg>123-456-7890</arg>
<tag>PageContent</tag>
<tag>Setter</tag>
<doc>Clears and fills the given ``txt`` into the text field found by ``selector``.</doc>
<status status="PASS" start="2024-04-17T15:52:06.012700" elapsed="0.022124"/>
</kw>
<kw name="Get Element" owner="Browser">
<msg time="2024-04-17T15:52:06.043571" level="INFO">Locator found successfully.</msg>
<msg time="2024-04-17T15:52:06.043765" level="INFO">${save_button} = xpath=//*[@id="root"]/div/main/div[2]/div/div/div/div/div[2]/form/div[5]/div/button</msg>
<var>${save_button}</var>
<arg>xpath=${Save_Button_XPath}</arg>
<tag>Getter</tag>
<tag>PageContent</tag>
<doc>Returns a reference to a Playwright [https://playwright.dev/docs/api/class-locator|Locator].</doc>
<status status="PASS" start="2024-04-17T15:52:06.035649" elapsed="0.008130"/>
</kw>
<kw name="Click" owner="Browser">
<arg>${save_button}</arg>
<tag>PageContent</tag>
<tag>Setter</tag>
<doc>Simulates mouse click on the element found by ``selector``.</doc>
<status status="PASS" start="2024-04-17T15:52:06.044128" elapsed="0.052189"/>
</kw>
<kw name="Get Element" owner="Browser">
<msg time="2024-04-17T15:52:06.108740" level="INFO">Locator found successfully.</msg>
<msg time="2024-04-17T15:52:06.108871" level="INFO">${element} = xpath=//*[@id="root"]/div/div/div/div[2]/div[3]/ul/div/a[1]</msg>
<var>${element}</var>
<arg>xpath=${Home_Button_XPath}</arg>
<tag>Getter</tag>
<tag>PageContent</tag>
<doc>Returns a reference to a Playwright [https://playwright.dev/docs/api/class-locator|Locator].</doc>
<status status="PASS" start="2024-04-17T15:52:06.096509" elapsed="0.012375"/>
</kw>
<kw name="Click" owner="Browser">
<arg>${element}</arg>
<tag>PageContent</tag>
<tag>Setter</tag>
<doc>Simulates mouse click on the element found by ``selector``.</doc>
<status status="PASS" start="2024-04-17T15:52:06.109058" elapsed="0.053045"/>
</kw>
<kw name="Click" owner="Browser">
<arg>${element2}</arg>
<tag>PageContent</tag>
<tag>Setter</tag>
<doc>Simulates mouse click on the element found by ``selector``.</doc>
<status status="PASS" start="2024-04-17T15:52:06.162294" elapsed="0.088178"/>
</kw>
<kw name="Get Text" owner="Browser">
<msg time="2024-04-17T15:52:06.267745" level="INFO">Text: '123-456-7890'</msg>
<arg>${phone}</arg>
<arg>equals</arg>
<arg>123-456-7890</arg>
<tag>Assertion</tag>
<tag>Getter</tag>
<tag>PageContent</tag>
<doc>Returns text attribute of the element found by ``selector``.</doc>
<status status="PASS" start="2024-04-17T15:52:06.250649" elapsed="0.017159"/>
</kw>
<kw name="Fill Text" owner="Browser">
<msg time="2024-04-17T15:52:06.268245" level="INFO">Fills the text '625-316-9882' in the given field.</msg>
<arg>${phone}</arg>
<arg>${USER_SETTINGS_INFO}[phone]</arg>
<tag>PageContent</tag>
<tag>Setter</tag>
<doc>Clears and fills the given ``txt`` into the text field found by ``selector``.</doc>
<status status="PASS" start="2024-04-17T15:52:06.267982" elapsed="0.016447"/>
</kw>
<kw name="Click" owner="Browser">
<arg>${save_button}</arg>
<tag>PageContent</tag>
<tag>Setter</tag>
<doc>Simulates mouse click on the element found by ``selector``.</doc>
<status status="PASS" start="2024-04-17T15:52:06.284612" elapsed="0.056173"/>
</kw>
<status status="PASS" start="2024-04-17T15:52:05.050770" elapsed="1.290194"/>
</test>
<test id="s1-s7-t11" name="User should be able to update all of their settings at once in user settings and save it" line="167">
<kw name="New Page" owner="Browser">
<msg time="2024-04-17T15:52:06.433991" level="INFO">Successfully initialized new page object and opened url: about:blank</msg>
<msg time="2024-04-17T15:52:06.434056" level="INFO">No context was open. New context was automatically opened when this page is created.</msg>
<tag>BrowserControl</tag>
<tag>Setter</tag>
<doc>Open a new Page.</doc>
<status status="PASS" start="2024-04-17T15:52:06.378518" elapsed="0.055645"/>
</kw>
<kw name="New Page" owner="Browser">
<msg time="2024-04-17T15:52:06.802042" level="INFO">Successfully initialized new page object and opened url: http://localhost:3000/signin</msg>
<arg>http://localhost:3000/signin</arg>
<tag>BrowserControl</tag>
<tag>Setter</tag>
<doc>Open a new Page.</doc>
<status status="PASS" start="2024-04-17T15:52:06.434486" elapsed="0.367661"/>
</kw>
<kw name="Fill Text" owner="Browser">
<msg time="2024-04-17T15:52:06.802575" level="INFO">Fills the text 'Katharina_Bernier' in the given field.</msg>
<arg>id=username</arg>
<arg>${Login_Info}[username]</arg>
<tag>PageContent</tag>
<tag>Setter</tag>
<doc>Clears and fills the given ``txt`` into the text field found by ``selector``.</doc>
<status status="PASS" start="2024-04-17T15:52:06.802310" elapsed="0.078842"/>
</kw>
<kw name="Fill Text" owner="Browser">
<msg time="2024-04-17T15:52:06.881609" level="INFO">Fills the text 's3cret' in the given field.</msg>
<arg>id=password</arg>
<arg>${Login_Info}[password]</arg>
<tag>PageContent</tag>
<tag>Setter</tag>
<doc>Clears and fills the given ``txt`` into the text field found by ``selector``.</doc>
<status status="PASS" start="2024-04-17T15:52:06.881326" elapsed="0.062843"/>
</kw>
<kw name="Get Element" owner="Browser">
<msg time="2024-04-17T15:52:06.946725" level="INFO">Locator found successfully.</msg>
<msg time="2024-04-17T15:52:06.946824" level="INFO">${element} = xpath=//button/span[text()="Sign In"]</msg>
<var>${element}</var>
<arg>xpath=//button/span[text()="Sign In"]</arg>
<tag>Getter</tag>
<tag>PageContent</tag>
<doc>Returns a reference to a Playwright [https://playwright.dev/docs/api/class-locator|Locator].</doc>
<status status="PASS" start="2024-04-17T15:52:06.944345" elapsed="0.002491"/>
</kw>
<kw name="Click" owner="Browser">
<arg>${element}</arg>
<tag>PageContent</tag>
<tag>Setter</tag>
<doc>Simulates mouse click on the element found by ``selector``.</doc>
<status status="PASS" start="2024-04-17T15:52:06.946972" elapsed="0.061068"/>
</kw>
<kw name="Get Element" owner="Browser">
<msg time="2024-04-17T15:52:07.154951" level="INFO">Locator found successfully.</msg>
<msg time="2024-04-17T15:52:07.155077" level="INFO">${element2} = xpath=//*[@id="root"]/div/div/div/div[2]/div[3]/ul/div/a[2]</msg>
<var>${element2}</var>
<arg>xpath=${User_Account_XPath}</arg>
<tag>Getter</tag>
<tag>PageContent</tag>
<doc>Returns a reference to a Playwright [https://playwright.dev/docs/api/class-locator|Locator].</doc>
<status status="PASS" start="2024-04-17T15:52:07.008217" elapsed="0.146874"/>
</kw>
<kw name="Click" owner="Browser">
<arg>${element2}</arg>
<tag>PageContent</tag>
<tag>Setter</tag>
<doc>Simulates mouse click on the element found by ``selector``.</doc>
<status status="PASS" start="2024-04-17T15:52:07.155253" elapsed="0.053559"/>
</kw>
<kw name="Get Element" owner="Browser">
<msg time="2024-04-17T15:52:07.211845" level="INFO">Locator found successfully.</msg>
<msg time="2024-04-17T15:52:07.211959" level="INFO">${last_name} = xpath=//*[@id="user-settings-lastName-input"]</msg>
<var>${last_name}</var>
<arg>xpath=//*[@id="user-settings-lastName-input"]</arg>
<tag>Getter</tag>
<tag>PageContent</tag>
<doc>Returns a reference to a Playwright [https://playwright.dev/docs/api/class-locator|Locator].</doc>
<status status="PASS" start="2024-04-17T15:52:07.208984" elapsed="0.002987"/>
</kw>
<kw name="Get Text" owner="Browser">
<msg time="2024-04-17T15:52:07.220780" level="INFO">Text: 'Johns'</msg>
<arg>${last_name}</arg>
<arg>equals</arg>
<arg>${USER_SETTINGS_INFO}[lName]</arg>
<tag>Assertion</tag>
<tag>Getter</tag>
<tag>PageContent</tag>
<doc>Returns text attribute of the element found by ``selector``.</doc>
<status status="PASS" start="2024-04-17T15:52:07.212153" elapsed="0.008690"/>
</kw>
<kw name="Fill Text" owner="Browser">
<msg time="2024-04-17T15:52:07.221243" level="INFO">Fills the text 'NewLastName' in the given field.</msg>
<arg>${last_name}</arg>
<arg>NewLastName</arg>
<tag>PageContent</tag>
<tag>Setter</tag>
<doc>Clears and fills the given ``txt`` into the text field found by ``selector``.</doc>
<status status="PASS" start="2024-04-17T15:52:07.221010" elapsed="0.010834"/>
</kw>
<kw name="Get Element" owner="Browser">
<msg time="2024-04-17T15:52:07.234631" level="INFO">Locator found successfully.</msg>
<msg time="2024-04-17T15:52:07.234779" level="INFO">${first_name} = xpath=//*[@id="user-settings-firstName-input"]</msg>
<var>${first_name}</var>
<arg>xpath=//*[@id="user-settings-firstName-input"]</arg>
<tag>Getter</tag>
<tag>PageContent</tag>
<doc>Returns a reference to a Playwright [https://playwright.dev/docs/api/class-locator|Locator].</doc>
<status status="PASS" start="2024-04-17T15:52:07.232016" elapsed="0.002776"/>
</kw>
<kw name="Get Text" owner="Browser">
<msg time="2024-04-17T15:52:08.251754" level="INFO">Text: 'Edgar'</msg>
<msg time="2024-04-17T15:52:08.332683" level="INFO" html="true">&lt;/td&gt;&lt;/tr&gt;&lt;tr&gt;&lt;td colspan="3"&gt;&lt;a href="browser/screenshot/fail-screenshot-3.png" target="_blank"&gt;&lt;img src="browser/screenshot/fail-screenshot-3.png" width="800px"/&gt;&lt;/a&gt;</msg>
<msg time="2024-04-17T15:52:08.332790" level="INFO">See also file:///Users/gerardo.mitsuyfukazawa/CIS565/ResultsUI/playwright-log.txt for additional details.</msg>
<msg time="2024-04-17T15:52:08.332945" level="FAIL">Text 'Edgar' (str) should be 'phil' (str)</msg>
<arg>${first_name}</arg>
<arg>equals</arg>
<arg>${USER_SETTINGS_INFO}[fName]</arg>
<tag>Assertion</tag>
<tag>Getter</tag>
<tag>PageContent</tag>
<doc>Returns text attribute of the element found by ``selector``.</doc>
<status status="FAIL" start="2024-04-17T15:52:07.234989" elapsed="1.098560">Text 'Edgar' (str) should be 'phil' (str)</status>
</kw>
<kw name="Fill Text" owner="Browser">
<arg>${first_name}</arg>
<arg>NewFirstName</arg>
<tag>PageContent</tag>
<tag>Setter</tag>
<doc>Clears and fills the given ``txt`` into the text field found by ``selector``.</doc>
<status status="NOT RUN" start="2024-04-17T15:52:08.333850" elapsed="0.000047"/>
</kw>
<kw name="Get Element" owner="Browser">
<var>${email}</var>
<arg>xpath=//*[@id="user-settings-email-input"]</arg>
<tag>Getter</tag>
<tag>PageContent</tag>
<doc>Returns a reference to a Playwright [https://playwright.dev/docs/api/class-locator|Locator].</doc>
<status status="NOT RUN" start="2024-04-17T15:52:08.334003" elapsed="0.000017"/>
</kw>
<kw name="Get Text" owner="Browser">
<arg>${email}</arg>
<arg>equals</arg>
<arg>${USER_SETTINGS_INFO}[email]</arg>
<tag>Assertion</tag>
<tag>Getter</tag>
<tag>PageContent</tag>
<doc>Returns text attribute of the element found by ``selector``.</doc>
<status status="NOT RUN" start="2024-04-17T15:52:08.334094" elapsed="0.000015"/>
</kw>
<kw name="Fill Text" owner="Browser">
<arg>${email}</arg>
<arg>newEmail@gmail.com</arg>
<tag>PageContent</tag>
<tag>Setter</tag>
<doc>Clears and fills the given ``txt`` into the text field found by ``selector``.</doc>
<status status="NOT RUN" start="2024-04-17T15:52:08.335199" elapsed="0.000587"/>
</kw>
<kw name="Get Element" owner="Browser">
<var>${phone}</var>
<arg>xpath=//*[@id="user-settings-phoneNumber-input"]</arg>
<tag>Getter</tag>
<tag>PageContent</tag>
<doc>Returns a reference to a Playwright [https://playwright.dev/docs/api/class-locator|Locator].</doc>
<status status="NOT RUN" start="2024-04-17T15:52:08.336015" elapsed="0.000021"/>
</kw>
<kw name="Get Text" owner="Browser">
<arg>${phone}</arg>
<arg>equals</arg>
<arg>${USER_SETTINGS_INFO}[phone]</arg>
<tag>Assertion</tag>
<tag>Getter</tag>
<tag>PageContent</tag>
<doc>Returns text attribute of the element found by ``selector``.</doc>
<status status="NOT RUN" start="2024-04-17T15:52:08.336129" elapsed="0.000015"/>
</kw>
<kw name="Fill Text" owner="Browser">
<arg>${phone}</arg>
<arg>123-456-7890</arg>
<tag>PageContent</tag>
<tag>Setter</tag>
<doc>Clears and fills the given ``txt`` into the text field found by ``selector``.</doc>
<status status="NOT RUN" start="2024-04-17T15:52:08.336214" elapsed="0.000014"/>
</kw>
<kw name="Get Element" owner="Browser">
<var>${save_button}</var>
<arg>xpath=${Save_Button_XPath}</arg>
<tag>Getter</tag>
<tag>PageContent</tag>
<doc>Returns a reference to a Playwright [https://playwright.dev/docs/api/class-locator|Locator].</doc>
<status status="NOT RUN" start="2024-04-17T15:52:08.336302" elapsed="0.000013"/>
</kw>
<kw name="Click" owner="Browser">
<arg>${save_button}</arg>
<tag>PageContent</tag>
<tag>Setter</tag>
<doc>Simulates mouse click on the element found by ``selector``.</doc>
<status status="NOT RUN" start="2024-04-17T15:52:08.336375" elapsed="0.000014"/>
</kw>
<kw name="Get Element" owner="Browser">
<var>${element}</var>
<arg>xpath=${Home_Button_XPath}</arg>
<tag>Getter</tag>
<tag>PageContent</tag>
<doc>Returns a reference to a Playwright [https://playwright.dev/docs/api/class-locator|Locator].</doc>
<status status="NOT RUN" start="2024-04-17T15:52:08.336448" elapsed="0.000012"/>
</kw>
<kw name="Click" owner="Browser">
<arg>${element}</arg>
<tag>PageContent</tag>
<tag>Setter</tag>
<doc>Simulates mouse click on the element found by ``selector``.</doc>
<status status="NOT RUN" start="2024-04-17T15:52:08.336515" elapsed="0.000027"/>
</kw>
<kw name="Click" owner="Browser">
<arg>${element2}</arg>
<tag>PageContent</tag>
<tag>Setter</tag>
<doc>Simulates mouse click on the element found by ``selector``.</doc>
<status status="NOT RUN" start="2024-04-17T15:52:08.336599" elapsed="0.000012"/>
</kw>
<kw name="Get Text" owner="Browser">
<arg>${last_name}</arg>
<arg>equals</arg>
<arg>NewLastName</arg>
<tag>Assertion</tag>
<tag>Getter</tag>
<tag>PageContent</tag>
<doc>Returns text attribute of the element found by ``selector``.</doc>
<status status="NOT RUN" start="2024-04-17T15:52:08.336694" elapsed="0.000018"/>
</kw>
<kw name="Fill Text" owner="Browser">
<arg>${last_name}</arg>
<arg>${USER_SETTINGS_INFO}[lName]</arg>
<tag>PageContent</tag>
<tag>Setter</tag>
<doc>Clears and fills the given ``txt`` into the text field found by ``selector``.</doc>
<status status="NOT RUN" start="2024-04-17T15:52:08.336772" elapsed="0.000011"/>
</kw>
<kw name="Get Text" owner="Browser">
<arg>${first_name}</arg>
<arg>equals</arg>
<arg>NewFirstName</arg>
<tag>Assertion</tag>
<tag>Getter</tag>
<tag>PageContent</tag>
<doc>Returns text attribute of the element found by ``selector``.</doc>
<status status="NOT RUN" start="2024-04-17T15:52:08.336838" elapsed="0.000012"/>
</kw>
<kw name="Fill Text" owner="Browser">
<arg>${first_name}</arg>
<arg>${USER_SETTINGS_INFO}[fName]</arg>
<tag>PageContent</tag>
<tag>Setter</tag>
<doc>Clears and fills the given ``txt`` into the text field found by ``selector``.</doc>
<status status="NOT RUN" start="2024-04-17T15:52:08.336911" elapsed="0.000012"/>
</kw>
<kw name="Get Text" owner="Browser">
<arg>${email}</arg>
<arg>equals</arg>
<arg>newEmail@gmail.com</arg>
<tag>Assertion</tag>
<tag>Getter</tag>
<tag>PageContent</tag>
<doc>Returns text attribute of the element found by ``selector``.</doc>
<status status="NOT RUN" start="2024-04-17T15:52:08.336975" elapsed="0.000011"/>
</kw>
<kw name="Fill Text" owner="Browser">
<arg>${email}</arg>
<arg>${USER_SETTINGS_INFO}[email]</arg>
<tag>PageContent</tag>
<tag>Setter</tag>
<doc>Clears and fills the given ``txt`` into the text field found by ``selector``.</doc>
<status status="NOT RUN" start="2024-04-17T15:52:08.337043" elapsed="0.000011"/>
</kw>
<kw name="Get Text" owner="Browser">
<arg>${phone}</arg>
<arg>equals</arg>
<arg>123-456-7890</arg>
<tag>Assertion</tag>
<tag>Getter</tag>
<tag>PageContent</tag>
<doc>Returns text attribute of the element found by ``selector``.</doc>
<status status="NOT RUN" start="2024-04-17T15:52:08.337106" elapsed="0.000012"/>
</kw>
<kw name="Fill Text" owner="Browser">
<arg>${phone}</arg>
<arg>${USER_SETTINGS_INFO}[phone]</arg>
<tag>PageContent</tag>
<tag>Setter</tag>
<doc>Clears and fills the given ``txt`` into the text field found by ``selector``.</doc>
<status status="NOT RUN" start="2024-04-17T15:52:08.337174" elapsed="0.000011"/>
</kw>
<kw name="Click" owner="Browser">
<arg>${save_button}</arg>
<tag>PageContent</tag>
<tag>Setter</tag>
<doc>Simulates mouse click on the element found by ``selector``.</doc>
<status status="NOT RUN" start="2024-04-17T15:52:08.337256" elapsed="0.000150"/>
</kw>
<status status="FAIL" start="2024-04-17T15:52:06.377148" elapsed="1.960512">Text 'Edgar' (str) should be 'phil' (str)</status>
</test>
<status status="FAIL" start="2024-04-17T15:51:54.431511" elapsed="13.944045"/>
</suite>
<status status="FAIL" start="2024-04-17T15:50:53.728443" elapsed="74.649875"/>
</suite>
<statistics>
<total>
<stat pass="53" fail="3" skip="0">All Tests</stat>
</total>
<tag>
</tag>
<suite>
<stat pass="53" fail="3" skip="0" id="s1" name="Ui Tests">Ui Tests</stat>
<stat pass="8" fail="0" skip="0" id="s1-s1" name="Auth">Ui Tests.Auth</stat>
<stat pass="17" fail="0" skip="0" id="s1-s2" name="Bank Account">Ui Tests.Bank Account</stat>
<stat pass="7" fail="0" skip="0" id="s1-s3" name="New Transaction">Ui Tests.New Transaction</stat>
<stat pass="1" fail="0" skip="0" id="s1-s4" name="Notifications">Ui Tests.Notifications</stat>
<stat pass="9" fail="0" skip="0" id="s1-s5" name="Transaction Feed">Ui Tests.Transaction Feed</stat>
<stat pass="3" fail="0" skip="0" id="s1-s6" name="Transaction View">Ui Tests.Transaction View</stat>
<stat pass="8" fail="3" skip="0" id="s1-s7" name="User Settings">Ui Tests.User Settings</stat>
</suite>
</statistics>
<errors>
<msg time="2024-04-17T15:50:53.713643" level="WARN">Error in file '/Users/gerardo.mitsuyfukazawa/CIS565/ui_tests/new_transaction.robot' on line 171: The '[Return]' setting is deprecated. Use the 'RETURN' statement instead.</msg>
<msg time="2024-04-17T15:50:53.715054" level="WARN">Error in file '/Users/gerardo.mitsuyfukazawa/CIS565/ui_tests/notifications.robot' on line 68: The '[Return]' setting is deprecated. Use the 'RETURN' statement instead.</msg>
<msg time="2024-04-17T15:50:53.718498" level="WARN">Error in file '/Users/gerardo.mitsuyfukazawa/CIS565/ui_tests/transaction_view.robot' on line 92: The '[Return]' setting is deprecated. Use the 'RETURN' statement instead.</msg>
<msg time="2024-04-17T15:50:58.189359" level="WARN">Keyword 'Browser.Wait Until Network Is Idle' is deprecated. Use `Wait For Load State` instead.</msg>
<msg time="2024-04-17T15:51:16.474843" level="WARN">Multiple tests with name 'Create new bank account page should have a helper for the Routing number spot to fill a correct account number' executed in suite 'Ui Tests.Bank Account'.</msg>
<msg time="2024-04-17T15:51:20.727251" level="WARN">Multiple tests with name 'Create new bank account page should have a helper for the bank account number spot for validity checks' executed in suite 'Ui Tests.Bank Account'.</msg>
<msg time="2024-04-17T15:51:30.360878" level="ERROR">Error in file '/Users/gerardo.mitsuyfukazawa/CIS565/ui_tests/notifications.robot' on line 4: Importing library 'robot.libraries.Dialogs' failed: ModuleNotFoundError: No module named '_tkinter'
Traceback (most recent call last):
  File "/opt/homebrew/Cellar/python@3.11/3.11.6_1/Frameworks/Python.framework/Versions/3.11/lib/python3.11/tkinter/__init__.py", line 38, in &lt;module&gt;
    import _tkinter # If this fails your Python may not be configured for Tk
    ^^^^^^^^^^^^^^^
PYTHONPATH:
  /Users/gerardo.mitsuyfukazawa/CIS565
  /opt/homebrew/bin
  /opt/homebrew/Cellar/python@3.11/3.11.6_1/Frameworks/Python.framework/Versions/3.11/lib/python311.zip
  /opt/homebrew/Cellar/python@3.11/3.11.6_1/Frameworks/Python.framework/Versions/3.11/lib/python3.11
  /opt/homebrew/Cellar/python@3.11/3.11.6_1/Frameworks/Python.framework/Versions/3.11/lib/python3.11/lib-dynload
  /opt/homebrew/lib/python3.11/site-packages</msg>
</errors>
</robot>
