<?xml version="1.0" encoding="UTF-8"?>
<robot generator="Robot 7.0 (Python 3.11.3 on win32)" generated="2024-02-27T00:22:39.566814" rpa="false" schemaversion="5">
<suite id="s1" name="Auth" source="C:\Users\mitsu\CIS565\auth.robot">
<test id="s1-t1" name="should redirect unauthenticated user to signin page" line="5">
<kw name="Open Browser" owner="Browser">
<msg time="2024-02-27T00:22:40.207967" level="WARN">Open Browser is for quick experimentation and debugging only. Use New Page for production.</msg>
<msg time="2024-02-27T00:22:40.207967" level="INFO">{"browser": "chromium", "headless": false, "chromiumSandbox": false, "devtools": false, "handleSIGHUP": true, "handleSIGINT": true, "handleSIGTERM": true, "slowMo": 0.0, "timeout": 30000.0, "tracesDir": "C:\\Users\\mitsu\\CIS565\\Results\\browser\\traces\\39224617-a467-4b96-9ea8-5eec41e452ba"}</msg>
<msg time="2024-02-27T00:22:40.460085" level="INFO">Successfully created browser with options: {"browser":"chromium","headless":false,"chromiumSandbox":false,"devtools":false,"handleSIGHUP":true,"handleSIGINT":true,"handleSIGTERM":true,"slowMo":0,"timeout":30000,"tracesDir":"C:\\Users\\mitsu\\CIS565\\Results\\browser\\traces\\39224617-a467-4b96-9ea8-5eec41e452ba"}</msg>
<msg time="2024-02-27T00:22:40.460085" level="INFO">{
  "acceptDownloads": true,
  "bypassCSP": true,
  "forcedColors": "none",
  "ignoreHTTPSErrors": false,
  "javaScriptEnabled": true,
  "offline": false,
  "reducedMotion": "no-preference",
  "serviceWorkers": "allow",
  "viewport": {
    "width": 1280,
    "height": 720
  }
}</msg>
<msg time="2024-02-27T00:22:40.481001" level="INFO">Successfully created context. </msg>
<msg time="2024-02-27T00:22:40.481001" level="INFO">{'acceptDownloads': True, 'bypassCSP': True, 'forcedColors': 'none', 'ignoreHTTPSErrors': False, 'javaScriptEnabled': True, 'offline': False, 'reducedMotion': 'no-preference', 'serviceWorkers': 'allow', 'viewport': {'width': 1280, 'height': 720}}</msg>
<msg time="2024-02-27T00:22:40.598004" level="INFO">Successfully initialized new page object and opened url: about:blank</msg>
<tag>BrowserControl</tag>
<tag>Setter</tag>
<doc>Opens a new browser instance. Use this keyword for quick experiments or debugging sessions.</doc>
<status status="PASS" start="2024-02-27T00:22:40.207967" elapsed="0.390037"/>
</kw>
<kw name="New Page" owner="Browser">
<msg time="2024-02-27T00:22:40.921085" level="INFO">Successfully initialized new page object and opened url: http://localhost:3000/personal</msg>
<arg>http://localhost:3000/personal</arg>
<tag>BrowserControl</tag>
<tag>Setter</tag>
<doc>Open a new Page.</doc>
<status status="PASS" start="2024-02-27T00:22:40.598004" elapsed="0.323081"/>
</kw>
<kw name="Get Url" owner="Browser">
<arg>equals</arg>
<arg>http://localhost:3000/signin</arg>
<tag>Assertion</tag>
<tag>Getter</tag>
<tag>PageContent</tag>
<doc>Returns the current URL.</doc>
<status status="PASS" start="2024-02-27T00:22:40.921085" elapsed="0.025084"/>
</kw>
<status status="PASS" start="2024-02-27T00:22:40.207967" elapsed="0.738202"/>
</test>
<status status="PASS" start="2024-02-27T00:22:39.566814" elapsed="1.454663"/>
</suite>
<statistics>
<total>
<stat pass="1" fail="0" skip="0">All Tests</stat>
</total>
<tag>
</tag>
<suite>
<stat pass="1" fail="0" skip="0" id="s1" name="Auth">Auth</stat>
</suite>
</statistics>
<errors>
<msg time="2024-02-27T00:22:40.207967" level="WARN">Open Browser is for quick experimentation and debugging only. Use New Page for production.</msg>
</errors>
</robot>
